2025-04-21 14:11:46,429 - numexpr.utils - INFO - Note: NumExpr detected 64 cores but "NUMEXPR_MAX_THREADS" not set, so enforcing safe limit of 8.
=== PROCESSING /data2/Projects/NKI_RS2/MoBI/sub-M10942248/ses-MOBI1/lsl/sub-M10942248_ses-MOBI1_task-recallsherlock_run-01_lsl.xdf.gz ===
Extracting parameters from /data2/Projects/NKI_RS2/MoBI/sub-M10942248/ses-MOBI1/raw/sub-M10942248_ses-MOBI1_run-01_eeg.vhdr...
/home/slouviot/01_projects/rockland_sample_celaning/src/cleaning_pipeline.py:172: RuntimeWarning: No coordinate information found for channels ['ECG', 'EOGL', 'EOGU']. Setting channel types to misc. To avoid this warning, set channel types explicitly.
  raw_bv = mne.io.read_raw_brainvision(bv_filename)
Setting channel info structure...
/home/slouviot/01_projects/rockland_sample_celaning/src/cleaning_pipeline.py:172: RuntimeWarning: Not setting positions of 3 misc channels found in montage:
['ECG', 'EOGL', 'EOGU']
Consider setting the channel types to be of EEG/sEEG/ECoG/DBS/fNIRS using inst.set_channel_types before calling inst.set_montage, or omit these channels when creating your montage.
  raw_bv = mne.io.read_raw_brainvision(bv_filename)
Theoretical fname:/data2/Projects/NKI_RS2/MoBI/derivatives/sub-M10942248/ses-MOBI1/eeg/sub-M10942248_ses-MOBI1_task-recallsherlock_run-01_eeg.edf
=== PROCESSING /data2/Projects/NKI_RS2/MoBI/sub-M10942248/ses-MOBI1/lsl/sub-M10942248_ses-MOBI1_task-recallpresent_run-01_lsl.xdf.gz ===
Extracting parameters from /data2/Projects/NKI_RS2/MoBI/sub-M10942248/ses-MOBI1/raw/sub-M10942248_ses-MOBI1_run-01_eeg.vhdr...
/home/slouviot/01_projects/rockland_sample_celaning/src/cleaning_pipeline.py:172: RuntimeWarning: No coordinate information found for channels ['ECG', 'EOGL', 'EOGU']. Setting channel types to misc. To avoid this warning, set channel types explicitly.
  raw_bv = mne.io.read_raw_brainvision(bv_filename)
Setting channel info structure...
/home/slouviot/01_projects/rockland_sample_celaning/src/cleaning_pipeline.py:172: RuntimeWarning: Not setting positions of 3 misc channels found in montage:
['ECG', 'EOGL', 'EOGU']
Consider setting the channel types to be of EEG/sEEG/ECoG/DBS/fNIRS using inst.set_channel_types before calling inst.set_montage, or omit these channels when creating your montage.
  raw_bv = mne.io.read_raw_brainvision(bv_filename)
Theoretical fname:/data2/Projects/NKI_RS2/MoBI/derivatives/sub-M10942248/ses-MOBI1/eeg/sub-M10942248_ses-MOBI1_task-recallpresent_run-01_eeg.edf
=== PROCESSING /data2/Projects/NKI_RS2/MoBI/sub-M10942248/ses-MOBI1/lsl/sub-M10942248_ses-MOBI1_task-ravlt2_run-01_lsl.xdf.gz ===
Extracting parameters from /data2/Projects/NKI_RS2/MoBI/sub-M10942248/ses-MOBI1/raw/sub-M10942248_ses-MOBI1_run-01_eeg.vhdr...
/home/slouviot/01_projects/rockland_sample_celaning/src/cleaning_pipeline.py:172: RuntimeWarning: No coordinate information found for channels ['ECG', 'EOGL', 'EOGU']. Setting channel types to misc. To avoid this warning, set channel types explicitly.
  raw_bv = mne.io.read_raw_brainvision(bv_filename)
Setting channel info structure...
/home/slouviot/01_projects/rockland_sample_celaning/src/cleaning_pipeline.py:172: RuntimeWarning: Not setting positions of 3 misc channels found in montage:
['ECG', 'EOGL', 'EOGU']
Consider setting the channel types to be of EEG/sEEG/ECoG/DBS/fNIRS using inst.set_channel_types before calling inst.set_montage, or omit these channels when creating your montage.
  raw_bv = mne.io.read_raw_brainvision(bv_filename)
Theoretical fname:/data2/Projects/NKI_RS2/MoBI/derivatives/sub-M10942248/ses-MOBI1/eeg/sub-M10942248_ses-MOBI1_task-ravlt2_run-01_eeg.edf
=== PROCESSING /data2/Projects/NKI_RS2/MoBI/sub-M10942248/ses-MOBI1/lsl/sub-M10942248_ses-MOBI1_task-ravlt1_run-01_lsl.xdf.gz ===
Extracting parameters from /data2/Projects/NKI_RS2/MoBI/sub-M10942248/ses-MOBI1/raw/sub-M10942248_ses-MOBI1_run-01_eeg.vhdr...
/home/slouviot/01_projects/rockland_sample_celaning/src/cleaning_pipeline.py:172: RuntimeWarning: No coordinate information found for channels ['ECG', 'EOGL', 'EOGU']. Setting channel types to misc. To avoid this warning, set channel types explicitly.
  raw_bv = mne.io.read_raw_brainvision(bv_filename)
Setting channel info structure...
/home/slouviot/01_projects/rockland_sample_celaning/src/cleaning_pipeline.py:172: RuntimeWarning: Not setting positions of 3 misc channels found in montage:
['ECG', 'EOGL', 'EOGU']
Consider setting the channel types to be of EEG/sEEG/ECoG/DBS/fNIRS using inst.set_channel_types before calling inst.set_montage, or omit these channels when creating your montage.
  raw_bv = mne.io.read_raw_brainvision(bv_filename)
Theoretical fname:/data2/Projects/NKI_RS2/MoBI/derivatives/sub-M10942248/ses-MOBI1/eeg/sub-M10942248_ses-MOBI1_task-ravlt1_run-01_eeg.edf
=== PROCESSING /data2/Projects/NKI_RS2/MoBI/sub-M10942248/ses-MOBI1/lsl/sub-M10942248_ses-MOBI1_task-cst_run-01_lsl.xdf.gz ===
Extracting parameters from /data2/Projects/NKI_RS2/MoBI/sub-M10942248/ses-MOBI1/raw/sub-M10942248_ses-MOBI1_run-01_eeg.vhdr...
/home/slouviot/01_projects/rockland_sample_celaning/src/cleaning_pipeline.py:172: RuntimeWarning: No coordinate information found for channels ['ECG', 'EOGL', 'EOGU']. Setting channel types to misc. To avoid this warning, set channel types explicitly.
  raw_bv = mne.io.read_raw_brainvision(bv_filename)
Setting channel info structure...
/home/slouviot/01_projects/rockland_sample_celaning/src/cleaning_pipeline.py:172: RuntimeWarning: Not setting positions of 3 misc channels found in montage:
['ECG', 'EOGL', 'EOGU']
Consider setting the channel types to be of EEG/sEEG/ECoG/DBS/fNIRS using inst.set_channel_types before calling inst.set_montage, or omit these channels when creating your montage.
  raw_bv = mne.io.read_raw_brainvision(bv_filename)
Theoretical fname:/data2/Projects/NKI_RS2/MoBI/derivatives/sub-M10942248/ses-MOBI1/eeg/sub-M10942248_ses-MOBI1_task-cst_run-01_eeg.edf
=== PROCESSING /data2/Projects/NKI_RS2/MoBI/sub-M10942248/ses-MOBI1/lsl/sub-M10942248_ses-MOBI1_task-trails_run-01_lsl.xdf.gz ===
Extracting parameters from /data2/Projects/NKI_RS2/MoBI/sub-M10942248/ses-MOBI1/raw/sub-M10942248_ses-MOBI1_run-01_eeg.vhdr...
/home/slouviot/01_projects/rockland_sample_celaning/src/cleaning_pipeline.py:172: RuntimeWarning: No coordinate information found for channels ['ECG', 'EOGL', 'EOGU']. Setting channel types to misc. To avoid this warning, set channel types explicitly.
  raw_bv = mne.io.read_raw_brainvision(bv_filename)
Setting channel info structure...
/home/slouviot/01_projects/rockland_sample_celaning/src/cleaning_pipeline.py:172: RuntimeWarning: Not setting positions of 3 misc channels found in montage:
['ECG', 'EOGL', 'EOGU']
Consider setting the channel types to be of EEG/sEEG/ECoG/DBS/fNIRS using inst.set_channel_types before calling inst.set_montage, or omit these channels when creating your montage.
  raw_bv = mne.io.read_raw_brainvision(bv_filename)
Theoretical fname:/data2/Projects/NKI_RS2/MoBI/derivatives/sub-M10942248/ses-MOBI1/eeg/sub-M10942248_ses-MOBI1_task-trails_run-01_eeg.edf
=== PROCESSING /data2/Projects/NKI_RS2/MoBI/sub-M10942248/ses-MOBI1/lsl/sub-M10942248_ses-MOBI1_task-rey0_run-01_lsl.xdf.gz ===
Extracting parameters from /data2/Projects/NKI_RS2/MoBI/sub-M10942248/ses-MOBI1/raw/sub-M10942248_ses-MOBI1_run-01_eeg.vhdr...
/home/slouviot/01_projects/rockland_sample_celaning/src/cleaning_pipeline.py:172: RuntimeWarning: No coordinate information found for channels ['ECG', 'EOGL', 'EOGU']. Setting channel types to misc. To avoid this warning, set channel types explicitly.
  raw_bv = mne.io.read_raw_brainvision(bv_filename)
Setting channel info structure...
/home/slouviot/01_projects/rockland_sample_celaning/src/cleaning_pipeline.py:172: RuntimeWarning: Not setting positions of 3 misc channels found in montage:
['ECG', 'EOGL', 'EOGU']
Consider setting the channel types to be of EEG/sEEG/ECoG/DBS/fNIRS using inst.set_channel_types before calling inst.set_montage, or omit these channels when creating your montage.
  raw_bv = mne.io.read_raw_brainvision(bv_filename)
Theoretical fname:/data2/Projects/NKI_RS2/MoBI/derivatives/sub-M10942248/ses-MOBI1/eeg/sub-M10942248_ses-MOBI1_task-rey0_run-01_eeg.edf
=== PROCESSING /data2/Projects/NKI_RS2/MoBI/sub-M10942248/ses-MOBI2/lsl/sub-M10942248_ses-MOBI2_task-segsherlock_run-01_lsl.xdf.gz ===
Extracting parameters from /data2/Projects/NKI_RS2/MoBI/sub-M10942248/ses-MOBI2/raw/sub-M10942248_ses-MOBI2_run-01_eeg.vhdr...
=== PROCESSING /data2/Projects/NKI_RS2/MoBI/sub-M10942248/ses-MOBI2/lsl/sub-M10942248_ses-MOBI2_task-checkerboard_run-01_lsl.xdf.gz ===
Extracting parameters from /data2/Projects/NKI_RS2/MoBI/sub-M10942248/ses-MOBI2/raw/sub-M10942248_ses-MOBI2_run-01_eeg.vhdr...
=== PROCESSING /data2/Projects/NKI_RS2/MoBI/sub-M10942248/ses-MOBI2/lsl/sub-M10942248_ses-MOBI2_task-mst1_run-01_lsl.xdf.gz ===
Extracting parameters from /data2/Projects/NKI_RS2/MoBI/sub-M10942248/ses-MOBI2/raw/sub-M10942248_ses-MOBI2_run-01_eeg.vhdr...
=== PROCESSING /data2/Projects/NKI_RS2/MoBI/sub-M10942248/ses-MOBI2/lsl/sub-M10942248_ses-MOBI2_task-mst1_run-02_lsl.xdf.gz ===
Extracting parameters from /data2/Projects/NKI_RS2/MoBI/sub-M10942248/ses-MOBI2/raw/sub-M10942248_ses-MOBI2_run-02_eeg.vhdr...
=== PROCESSING /data2/Projects/NKI_RS2/MoBI/sub-M10942248/ses-MOBI2/lsl/sub-M10942248_ses-MOBI2_task-mst2_run-01_lsl.xdf.gz ===
Extracting parameters from /data2/Projects/NKI_RS2/MoBI/sub-M10942248/ses-MOBI2/raw/sub-M10942248_ses-MOBI2_run-01_eeg.vhdr...
=== PROCESSING /data2/Projects/NKI_RS2/MoBI/sub-M10942248/ses-MOBI2/lsl/sub-M10942248_ses-MOBI2_task-nasa_run-01_lsl.xdf.gz ===
Extracting parameters from /data2/Projects/NKI_RS2/MoBI/sub-M10942248/ses-MOBI2/raw/sub-M10942248_ses-MOBI2_run-01_eeg.vhdr...
=== PROCESSING /data2/Projects/NKI_RS2/MoBI/sub-M10942248/ses-MOBI2/lsl/sub-M10942248_ses-MOBI2_task-naturalpresent_run-01_lsl.xdf.gz ===
Extracting parameters from /data2/Projects/NKI_RS2/MoBI/sub-M10942248/ses-MOBI2/raw/sub-M10942248_ses-MOBI2_run-01_eeg.vhdr...
=== PROCESSING /data2/Projects/NKI_RS2/MoBI/sub-M10942248/ses-MOBI2/lsl/sub-M10942248_ses-MOBI2_task-naturalsherlock_run-01_lsl.xdf.gz ===
Extracting parameters from /data2/Projects/NKI_RS2/MoBI/sub-M10942248/ses-MOBI2/raw/sub-M10942248_ses-MOBI2_run-01_eeg.vhdr...
=== PROCESSING /data2/Projects/NKI_RS2/MoBI/sub-M10942248/ses-MOBI2/lsl/sub-M10942248_ses-MOBI2_task-recallpresent_run-01_lsl.xdf.gz ===
Extracting parameters from /data2/Projects/NKI_RS2/MoBI/sub-M10942248/ses-MOBI2/raw/sub-M10942248_ses-MOBI2_run-01_eeg.vhdr...
=== PROCESSING /data2/Projects/NKI_RS2/MoBI/sub-M10942248/ses-MOBI2/lsl/sub-M10942248_ses-MOBI2_task-recallsherlock_run-01_lsl.xdf.gz ===
Extracting parameters from /data2/Projects/NKI_RS2/MoBI/sub-M10942248/ses-MOBI2/raw/sub-M10942248_ses-MOBI2_run-01_eeg.vhdr...
=== PROCESSING /data2/Projects/NKI_RS2/MoBI/sub-M10942248/ses-MOBI2/lsl/sub-M10942248_ses-MOBI2_task-segpresent_run-01_lsl.xdf.gz ===
Extracting parameters from /data2/Projects/NKI_RS2/MoBI/sub-M10942248/ses-MOBI2/raw/sub-M10942248_ses-MOBI2_run-01_eeg.vhdr...
=== PROCESSING /data2/Projects/NKI_RS2/MoBI/sub-M10945575/ses-MOBI1/lsl/sub-M10945575_ses-MOBI1_task-recallsherlock_run-01_lsl.xdf.gz ===
Extracting parameters from /data2/Projects/NKI_RS2/MoBI/sub-M10945575/ses-MOBI1/raw/sub-M10945575_ses-MOBI1_run-01_eeg.vhdr...
/home/slouviot/01_projects/rockland_sample_celaning/src/cleaning_pipeline.py:172: RuntimeWarning: No coordinate information found for channels ['ECG', 'EOGL', 'EOGU']. Setting channel types to misc. To avoid this warning, set channel types explicitly.
  raw_bv = mne.io.read_raw_brainvision(bv_filename)
Setting channel info structure...
/home/slouviot/01_projects/rockland_sample_celaning/src/cleaning_pipeline.py:172: RuntimeWarning: Not setting positions of 3 misc channels found in montage:
['ECG', 'EOGL', 'EOGU']
Consider setting the channel types to be of EEG/sEEG/ECoG/DBS/fNIRS using inst.set_channel_types before calling inst.set_montage, or omit these channels when creating your montage.
  raw_bv = mne.io.read_raw_brainvision(bv_filename)
Theoretical fname:/data2/Projects/NKI_RS2/MoBI/derivatives/sub-M10945575/ses-MOBI1/eeg/sub-M10945575_ses-MOBI1_task-recallsherlock_run-01_eeg.edf
=== PROCESSING /data2/Projects/NKI_RS2/MoBI/sub-M10945575/ses-MOBI1/lsl/sub-M10945575_ses-MOBI1_task-recallpresent_run-01_lsl.xdf.gz ===
Extracting parameters from /data2/Projects/NKI_RS2/MoBI/sub-M10945575/ses-MOBI1/raw/sub-M10945575_ses-MOBI1_run-01_eeg.vhdr...
/home/slouviot/01_projects/rockland_sample_celaning/src/cleaning_pipeline.py:172: RuntimeWarning: No coordinate information found for channels ['ECG', 'EOGL', 'EOGU']. Setting channel types to misc. To avoid this warning, set channel types explicitly.
  raw_bv = mne.io.read_raw_brainvision(bv_filename)
Setting channel info structure...
/home/slouviot/01_projects/rockland_sample_celaning/src/cleaning_pipeline.py:172: RuntimeWarning: Not setting positions of 3 misc channels found in montage:
['ECG', 'EOGL', 'EOGU']
Consider setting the channel types to be of EEG/sEEG/ECoG/DBS/fNIRS using inst.set_channel_types before calling inst.set_montage, or omit these channels when creating your montage.
  raw_bv = mne.io.read_raw_brainvision(bv_filename)
Theoretical fname:/data2/Projects/NKI_RS2/MoBI/derivatives/sub-M10945575/ses-MOBI1/eeg/sub-M10945575_ses-MOBI1_task-recallpresent_run-01_eeg.edf
=== PROCESSING /data2/Projects/NKI_RS2/MoBI/sub-M10945575/ses-MOBI1/lsl/sub-M10945575_ses-MOBI1_task-ravlt2_run-01_lsl.xdf.gz ===
Extracting parameters from /data2/Projects/NKI_RS2/MoBI/sub-M10945575/ses-MOBI1/raw/sub-M10945575_ses-MOBI1_run-01_eeg.vhdr...
/home/slouviot/01_projects/rockland_sample_celaning/src/cleaning_pipeline.py:172: RuntimeWarning: No coordinate information found for channels ['ECG', 'EOGL', 'EOGU']. Setting channel types to misc. To avoid this warning, set channel types explicitly.
  raw_bv = mne.io.read_raw_brainvision(bv_filename)
Setting channel info structure...
/home/slouviot/01_projects/rockland_sample_celaning/src/cleaning_pipeline.py:172: RuntimeWarning: Not setting positions of 3 misc channels found in montage:
['ECG', 'EOGL', 'EOGU']
Consider setting the channel types to be of EEG/sEEG/ECoG/DBS/fNIRS using inst.set_channel_types before calling inst.set_montage, or omit these channels when creating your montage.
  raw_bv = mne.io.read_raw_brainvision(bv_filename)
Theoretical fname:/data2/Projects/NKI_RS2/MoBI/derivatives/sub-M10945575/ses-MOBI1/eeg/sub-M10945575_ses-MOBI1_task-ravlt2_run-01_eeg.edf
=== PROCESSING /data2/Projects/NKI_RS2/MoBI/sub-M10945575/ses-MOBI1/lsl/sub-M10945575_ses-MOBI1_task-ravlt1_run-01_lsl.xdf.gz ===
Extracting parameters from /data2/Projects/NKI_RS2/MoBI/sub-M10945575/ses-MOBI1/raw/sub-M10945575_ses-MOBI1_run-01_eeg.vhdr...
/home/slouviot/01_projects/rockland_sample_celaning/src/cleaning_pipeline.py:172: RuntimeWarning: No coordinate information found for channels ['ECG', 'EOGL', 'EOGU']. Setting channel types to misc. To avoid this warning, set channel types explicitly.
  raw_bv = mne.io.read_raw_brainvision(bv_filename)
Setting channel info structure...
/home/slouviot/01_projects/rockland_sample_celaning/src/cleaning_pipeline.py:172: RuntimeWarning: Not setting positions of 3 misc channels found in montage:
['ECG', 'EOGL', 'EOGU']
Consider setting the channel types to be of EEG/sEEG/ECoG/DBS/fNIRS using inst.set_channel_types before calling inst.set_montage, or omit these channels when creating your montage.
  raw_bv = mne.io.read_raw_brainvision(bv_filename)
Theoretical fname:/data2/Projects/NKI_RS2/MoBI/derivatives/sub-M10945575/ses-MOBI1/eeg/sub-M10945575_ses-MOBI1_task-ravlt1_run-01_eeg.edf
=== PROCESSING /data2/Projects/NKI_RS2/MoBI/sub-M10945575/ses-MOBI1/lsl/sub-M10945575_ses-MOBI1_task-flanker_run-01_lsl.xdf.gz ===
Extracting parameters from /data2/Projects/NKI_RS2/MoBI/sub-M10945575/ses-MOBI1/raw/sub-M10945575_ses-MOBI1_run-01_eeg.vhdr...
/home/slouviot/01_projects/rockland_sample_celaning/src/cleaning_pipeline.py:172: RuntimeWarning: No coordinate information found for channels ['ECG', 'EOGL', 'EOGU']. Setting channel types to misc. To avoid this warning, set channel types explicitly.
  raw_bv = mne.io.read_raw_brainvision(bv_filename)
Setting channel info structure...
/home/slouviot/01_projects/rockland_sample_celaning/src/cleaning_pipeline.py:172: RuntimeWarning: Not setting positions of 3 misc channels found in montage:
['ECG', 'EOGL', 'EOGU']
Consider setting the channel types to be of EEG/sEEG/ECoG/DBS/fNIRS using inst.set_channel_types before calling inst.set_montage, or omit these channels when creating your montage.
  raw_bv = mne.io.read_raw_brainvision(bv_filename)
Theoretical fname:/data2/Projects/NKI_RS2/MoBI/derivatives/sub-M10945575/ses-MOBI1/eeg/sub-M10945575_ses-MOBI1_task-flanker_run-01_eeg.edf
=== PROCESSING /data2/Projects/NKI_RS2/MoBI/sub-M10945575/ses-MOBI1/lsl/sub-M10945575_ses-MOBI1_task-cst_run-02_lsl.xdf.gz ===
Extracting parameters from /data2/Projects/NKI_RS2/MoBI/sub-M10945575/ses-MOBI1/raw/sub-M10945575_ses-MOBI1_run-02_eeg.vhdr...
/home/slouviot/01_projects/rockland_sample_celaning/src/cleaning_pipeline.py:172: RuntimeWarning: No coordinate information found for channels ['ECG', 'EOGL', 'EOGU']. Setting channel types to misc. To avoid this warning, set channel types explicitly.
  raw_bv = mne.io.read_raw_brainvision(bv_filename)
Setting channel info structure...
/home/slouviot/01_projects/rockland_sample_celaning/src/cleaning_pipeline.py:172: RuntimeWarning: Not setting positions of 3 misc channels found in montage:
['ECG', 'EOGL', 'EOGU']
Consider setting the channel types to be of EEG/sEEG/ECoG/DBS/fNIRS using inst.set_channel_types before calling inst.set_montage, or omit these channels when creating your montage.
  raw_bv = mne.io.read_raw_brainvision(bv_filename)
Theoretical fname:/data2/Projects/NKI_RS2/MoBI/derivatives/sub-M10945575/ses-MOBI1/eeg/sub-M10945575_ses-MOBI1_task-cst_run-02_eeg.edf
=== PROCESSING /data2/Projects/NKI_RS2/MoBI/sub-M10945575/ses-MOBI1/lsl/sub-M10945575_ses-MOBI1_task-cst_run-01_lsl.xdf.gz ===
Extracting parameters from /data2/Projects/NKI_RS2/MoBI/sub-M10945575/ses-MOBI1/raw/sub-M10945575_ses-MOBI1_run-01_eeg.vhdr...
/home/slouviot/01_projects/rockland_sample_celaning/src/cleaning_pipeline.py:172: RuntimeWarning: No coordinate information found for channels ['ECG', 'EOGL', 'EOGU']. Setting channel types to misc. To avoid this warning, set channel types explicitly.
  raw_bv = mne.io.read_raw_brainvision(bv_filename)
Setting channel info structure...
/home/slouviot/01_projects/rockland_sample_celaning/src/cleaning_pipeline.py:172: RuntimeWarning: Not setting positions of 3 misc channels found in montage:
['ECG', 'EOGL', 'EOGU']
Consider setting the channel types to be of EEG/sEEG/ECoG/DBS/fNIRS using inst.set_channel_types before calling inst.set_montage, or omit these channels when creating your montage.
  raw_bv = mne.io.read_raw_brainvision(bv_filename)
2025-04-21 14:12:03,414 - pyxdf.pyxdf - INFO - Importing XDF file /data2/Projects/NKI_RS2/MoBI/sub-M10945575/ses-MOBI1/lsl/sub-M10945575_ses-MOBI1_task-cst_run-01_lsl.xdf.gz...
2025-04-21 14:12:03,479 - pyxdf.pyxdf - INFO -   performing clock synchronization...
2025-04-21 14:12:03,479 - pyxdf.pyxdf - INFO -   performing jitter removal...
2025-04-21 14:12:03,480 - pyxdf.pyxdf - INFO - Importing XDF file /data2/Projects/NKI_RS2/MoBI/sub-M10945575/ses-MOBI1/lsl/sub-M10945575_ses-MOBI1_task-cst_run-01_lsl.xdf.gz...
2025-04-21 14:12:03,526 - pyxdf.pyxdf - INFO -   performing clock synchronization...
2025-04-21 14:12:03,526 - pyxdf.pyxdf - INFO -   performing jitter removal...
2025-04-21 14:12:04,308 - pyxdf.pyxdf - INFO - Importing XDF file /data2/Projects/NKI_RS2/MoBI/sub-M10945575/ses-MOBI2/lsl/sub-M10945575_ses-MOBI2_task-WAARTS_run-01_lsl.xdf.gz...
2025-04-21 14:12:12,648 - pyxdf.pyxdf - INFO - Importing XDF file /data2/Projects/NKI_RS2/MoBI/sub-M10995988/ses-MOBI1/lsl/sub-M10995988_ses-MOBI1_task-recallpresent_run-01_lsl.xdf.gz...
2025-04-21 14:12:16,556 - pyxdf.pyxdf - INFO - Importing XDF file /data2/Projects/NKI_RS2/MoBI/sub-M10995988/ses-MOBI1/lsl/sub-M10995988_ses-MOBI1_task-recallsherlock_run-01_lsl.xdf.gz...
2025-04-21 14:12:21,743 - pyxdf.pyxdf - INFO - Importing XDF file /data2/Projects/NKI_RS2/MoBI/sub-M10911717/ses-MOBI1A/lsl/sub-M10911717_ses-MOBI1A_task-cst_run-01_lsl.xdf.gz...
2025-04-21 14:12:40,254 - pyxdf.pyxdf - INFO -   performing clock synchronization...
2025-04-21 14:12:40,278 - pyxdf.pyxdf - INFO -   performing jitter removal...
2025-04-21 14:12:40,285 - pyxdf.pyxdf - INFO - Importing XDF file /data2/Projects/NKI_RS2/MoBI/sub-M10911717/ses-MOBI1A/lsl/sub-M10911717_ses-MOBI1A_task-cst_run-01_lsl.xdf.gz...
2025-04-21 14:12:55,049 - pyxdf.pyxdf - INFO -   performing clock synchronization...
2025-04-21 14:12:55,072 - pyxdf.pyxdf - INFO -   performing jitter removal...
2025-04-21 14:13:11,867 - pyprep.reference - INFO - Bad channels: {'bad_by_nan': [], 'bad_by_flat': [], 'bad_by_deviation': ['F10'], 'bad_by_hf_noise': [], 'bad_by_correlation': ['F9', 'F10', 'AF4'], 'bad_by_SNR': [], 'bad_by_dropout': [], 'bad_by_ransac': [], 'bad_all': ['AF4', 'F10', 'F9']}
2025-04-21 14:13:21,331 - pyprep.reference - INFO - Bad channels: {'bad_by_nan': [], 'bad_by_flat': [], 'bad_by_deviation': ['F10'], 'bad_by_hf_noise': [], 'bad_by_correlation': ['AF4', 'AF8', 'F10', 'F9'], 'bad_by_SNR': [], 'bad_by_dropout': [], 'bad_by_ransac': ['PO7', 'Cz', 'P6', 'P9'], 'bad_all': ['P6', 'F9', 'PO7', 'AF4', 'Cz', 'AF8', 'F10', 'P9']}
2025-04-21 14:13:21,415 - pyprep.reference - INFO - Iterations: 1
2025-04-21 14:13:30,332 - pyprep.reference - INFO - Bad channels: {'bad_by_nan': [], 'bad_by_flat': [], 'bad_by_deviation': ['F10', 'AF4'], 'bad_by_hf_noise': [], 'bad_by_correlation': ['F9', 'AF4', 'AF8', 'FC3', 'F10'], 'bad_by_SNR': [], 'bad_by_dropout': [], 'bad_by_ransac': ['PO7', 'P9', 'P6', 'Cz'], 'bad_all': ['P6', 'F9', 'PO7', 'AF4', 'Cz', 'AF8', 'FC3', 'F10', 'P9']}
2025-04-21 14:13:30,422 - pyprep.reference - INFO - Iterations: 2
2025-04-21 14:13:39,556 - pyprep.reference - INFO - Bad channels: {'bad_by_nan': [], 'bad_by_flat': [], 'bad_by_deviation': ['F10', 'AF4'], 'bad_by_hf_noise': [], 'bad_by_correlation': ['F9', 'AF4', 'AF8', 'FC3', 'F10'], 'bad_by_SNR': [], 'bad_by_dropout': [], 'bad_by_ransac': ['PO7', 'P6', 'Cz', 'P9'], 'bad_all': ['P6', 'F9', 'PO7', 'AF4', 'Cz', 'AF8', 'FC3', 'F10', 'P9']}
2025-04-21 14:13:39,556 - pyprep.reference - INFO - Robust reference done
2025-04-21 14:13:59,763 - pyxdf.pyxdf - INFO - Importing XDF file /data2/Projects/NKI_RS2/MoBI/sub-M10911717/ses-MOBI1A/lsl/sub-M10911717_ses-MOBI1A_task-cst_run-02_lsl.xdf.gz...
2025-04-21 14:14:30,310 - pyxdf.pyxdf - INFO -   performing clock synchronization...
2025-04-21 14:14:30,334 - pyxdf.pyxdf - INFO -   performing jitter removal...
2025-04-21 14:14:30,347 - pyxdf.pyxdf - INFO - Importing XDF file /data2/Projects/NKI_RS2/MoBI/sub-M10911717/ses-MOBI1A/lsl/sub-M10911717_ses-MOBI1A_task-cst_run-02_lsl.xdf.gz...
2025-04-21 14:14:54,078 - pyxdf.pyxdf - INFO -   performing clock synchronization...
2025-04-21 14:14:54,101 - pyxdf.pyxdf - INFO -   performing jitter removal...
2025-04-21 14:15:22,096 - pyprep.reference - INFO - Bad channels: {'bad_by_nan': [], 'bad_by_flat': [], 'bad_by_deviation': [], 'bad_by_hf_noise': [], 'bad_by_correlation': ['F10'], 'bad_by_SNR': [], 'bad_by_dropout': [], 'bad_by_ransac': ['F9'], 'bad_all': ['F10', 'F9']}
2025-04-21 14:15:37,555 - pyprep.reference - INFO - Bad channels: {'bad_by_nan': [], 'bad_by_flat': [], 'bad_by_deviation': [], 'bad_by_hf_noise': [], 'bad_by_correlation': ['F9', 'PO7', 'AF4', 'AF8', 'F10'], 'bad_by_SNR': [], 'bad_by_dropout': [], 'bad_by_ransac': ['Cz', 'P6', 'P9'], 'bad_all': ['P6', 'F9', 'PO7', 'AF4', 'Cz', 'AF8', 'F10', 'P9']}
2025-04-21 14:15:37,677 - pyprep.reference - INFO - Iterations: 1
2025-04-21 14:15:52,066 - pyprep.reference - INFO - Bad channels: {'bad_by_nan': [], 'bad_by_flat': [], 'bad_by_deviation': [], 'bad_by_hf_noise': [], 'bad_by_correlation': ['F9', 'PO7', 'AF4', 'AF8', 'FC3', 'F10'], 'bad_by_SNR': [], 'bad_by_dropout': [], 'bad_by_ransac': ['Cz', 'P9', 'P6', 'FT8'], 'bad_all': ['P6', 'F9', 'PO7', 'AF4', 'Cz', 'AF8', 'FC3', 'F10', 'FT8', 'P9']}
2025-04-21 14:15:52,195 - pyprep.reference - INFO - Iterations: 2
2025-04-21 14:16:07,093 - pyprep.reference - INFO - Bad channels: {'bad_by_nan': [], 'bad_by_flat': [], 'bad_by_deviation': [], 'bad_by_hf_noise': [], 'bad_by_correlation': ['F9', 'PO7', 'AF4', 'AF8', 'FC3', 'F10'], 'bad_by_SNR': [], 'bad_by_dropout': [], 'bad_by_ransac': ['Cz', 'P6', 'P9', 'FT8'], 'bad_all': ['P6', 'F9', 'PO7', 'AF4', 'Cz', 'AF8', 'FC3', 'F10', 'FT8', 'P9']}
2025-04-21 14:16:07,093 - pyprep.reference - INFO - Robust reference done
2025-04-21 14:16:38,969 - pyxdf.pyxdf - INFO - Importing XDF file /data2/Projects/NKI_RS2/MoBI/sub-M10967628/ses-MOBI1A/lsl/sub-M10967628_ses-MOBI1A_task-cst_run-01_lsl.xdf.gz...
2025-04-21 14:16:48,662 - pyxdf.pyxdf - INFO -   performing clock synchronization...
2025-04-21 14:16:48,687 - pyxdf.pyxdf - INFO -   performing jitter removal...
2025-04-21 14:16:48,694 - pyxdf.pyxdf - INFO - Importing XDF file /data2/Projects/NKI_RS2/MoBI/sub-M10967628/ses-MOBI1A/lsl/sub-M10967628_ses-MOBI1A_task-cst_run-01_lsl.xdf.gz...
2025-04-21 14:16:56,135 - pyxdf.pyxdf - INFO -   performing clock synchronization...
2025-04-21 14:16:56,158 - pyxdf.pyxdf - INFO -   performing jitter removal...
2025-04-21 14:17:14,548 - pyprep.reference - INFO - Bad channels: {'bad_by_nan': [], 'bad_by_flat': [], 'bad_by_deviation': [], 'bad_by_hf_noise': ['FC2'], 'bad_by_correlation': ['Cz', 'FC2', 'AF4'], 'bad_by_SNR': ['FC2'], 'bad_by_dropout': [], 'bad_by_ransac': ['FC4'], 'bad_all': ['FC4', 'Cz', 'FC2', 'AF4']}
2025-04-21 14:17:25,034 - pyprep.reference - INFO - Bad channels: {'bad_by_nan': [], 'bad_by_flat': [], 'bad_by_deviation': ['Fp2', 'AF7', 'Fp1'], 'bad_by_hf_noise': [], 'bad_by_correlation': ['Fp2', 'FC2', 'AF4'], 'bad_by_SNR': [], 'bad_by_dropout': [], 'bad_by_ransac': ['Cz', 'C1', 'CP3'], 'bad_all': ['Fp2', 'CP3', 'FC2', 'AF4', 'Fp1', 'Cz', 'C1', 'AF7']}
2025-04-21 14:17:25,132 - pyprep.reference - INFO - Iterations: 1
2025-04-21 14:17:35,199 - pyprep.reference - INFO - Bad channels: {'bad_by_nan': [], 'bad_by_flat': [], 'bad_by_deviation': ['Fp2', 'AF7', 'Fp1'], 'bad_by_hf_noise': ['FC2'], 'bad_by_correlation': ['Fp2', 'FC2', 'AF4'], 'bad_by_SNR': ['FC2'], 'bad_by_dropout': [], 'bad_by_ransac': ['FC4', 'CP3', 'Cz', 'C1', 'FC3', 'FT7'], 'bad_all': ['Fp2', 'FC4', 'CP3', 'FC2', 'AF4', 'Fp1', 'Cz', 'C1', 'FC3', 'AF7', 'FT7']}
2025-04-21 14:17:35,285 - pyprep.reference - INFO - Iterations: 2
2025-04-21 14:17:45,391 - pyprep.reference - INFO - Bad channels: {'bad_by_nan': [], 'bad_by_flat': [], 'bad_by_deviation': ['Fp2', 'AF7', 'Fp1'], 'bad_by_hf_noise': ['FC2'], 'bad_by_correlation': ['Fp2', 'FC2', 'AF4'], 'bad_by_SNR': ['FC2'], 'bad_by_dropout': [], 'bad_by_ransac': ['FC4', 'CP3', 'Cz', 'C1', 'FC3', 'FT7'], 'bad_all': ['Fp2', 'FC4', 'CP3', 'FC2', 'AF4', 'Fp1', 'Cz', 'C1', 'FC3', 'AF7', 'FT7']}
2025-04-21 14:17:45,391 - pyprep.reference - INFO - Robust reference done
2025-04-21 14:18:07,784 - pyxdf.pyxdf - INFO - Importing XDF file /data2/Projects/NKI_RS2/MoBI/sub-M10967628/ses-MOBI1A/lsl/sub-M10967628_ses-MOBI1A_task-cst_run-02_lsl.xdf.gz...
2025-04-21 14:18:21,828 - pyxdf.pyxdf - INFO -   performing clock synchronization...
2025-04-21 14:18:21,852 - pyxdf.pyxdf - INFO -   performing jitter removal...
2025-04-21 14:18:21,863 - pyxdf.pyxdf - INFO - Importing XDF file /data2/Projects/NKI_RS2/MoBI/sub-M10967628/ses-MOBI1A/lsl/sub-M10967628_ses-MOBI1A_task-cst_run-02_lsl.xdf.gz...
2025-04-21 14:18:32,569 - pyxdf.pyxdf - INFO -   performing clock synchronization...
2025-04-21 14:18:32,592 - pyxdf.pyxdf - INFO -   performing jitter removal...
2025-04-21 14:18:58,484 - pyprep.reference - INFO - Bad channels: {'bad_by_nan': [], 'bad_by_flat': [], 'bad_by_deviation': ['Fp1', 'Fp2', 'AF7'], 'bad_by_hf_noise': [], 'bad_by_correlation': ['FC2', 'F10', 'Fp2', 'AF4'], 'bad_by_SNR': [], 'bad_by_dropout': [], 'bad_by_ransac': ['FC3', 'FC4'], 'bad_all': ['Fp2', 'FC4', 'FC2', 'Fp1', 'AF4', 'FC3', 'F10', 'AF7']}
2025-04-21 14:19:13,857 - pyprep.reference - INFO - Bad channels: {'bad_by_nan': [], 'bad_by_flat': [], 'bad_by_deviation': ['Fp2', 'AF4', 'Fp1', 'AF8', 'AF7'], 'bad_by_hf_noise': [], 'bad_by_correlation': ['Cz', 'AF4'], 'bad_by_SNR': [], 'bad_by_dropout': [], 'bad_by_ransac': [], 'bad_all': ['Fp2', 'Fp1', 'AF4', 'Cz', 'AF8', 'AF7']}
2025-04-21 14:19:14,030 - pyprep.reference - INFO - Iterations: 1
2025-04-21 14:19:28,753 - pyprep.reference - INFO - Bad channels: {'bad_by_nan': [], 'bad_by_flat': [], 'bad_by_deviation': ['Fp2', 'AF3', 'Fp1', 'AF4', 'AF8', 'AF7'], 'bad_by_hf_noise': [], 'bad_by_correlation': ['Cz', 'FC5', 'AF4'], 'bad_by_SNR': [], 'bad_by_dropout': [], 'bad_by_ransac': ['FC4', 'FC3', 'FT7'], 'bad_all': ['Fp2', 'AF3', 'FC4', 'AF4', 'Fp1', 'Cz', 'AF8', 'FC5', 'FC3', 'AF7', 'FT7']}
2025-04-21 14:19:28,872 - pyprep.reference - INFO - Iterations: 2
2025-04-21 14:19:43,832 - pyprep.reference - INFO - Bad channels: {'bad_by_nan': [], 'bad_by_flat': [], 'bad_by_deviation': ['Fp2', 'AF3', 'AF4', 'Fp1', 'AF8', 'AF7'], 'bad_by_hf_noise': [], 'bad_by_correlation': ['AF4', 'Cz', 'FC5'], 'bad_by_SNR': [], 'bad_by_dropout': [], 'bad_by_ransac': ['FC4', 'FC5', 'C1', 'FC3', 'FT7'], 'bad_all': ['Fp2', 'AF3', 'FC4', 'Fp1', 'AF4', 'Cz', 'AF8', 'FC5', 'C1', 'AF7', 'FC3', 'FT7']}
2025-04-21 14:19:43,950 - pyprep.reference - INFO - Iterations: 3
2025-04-21 14:19:58,695 - pyprep.reference - INFO - Bad channels: {'bad_by_nan': [], 'bad_by_flat': [], 'bad_by_deviation': ['Fp2', 'AF3', 'Fp1', 'AF4', 'AF8', 'AF7'], 'bad_by_hf_noise': [], 'bad_by_correlation': ['Cz', 'FC5', 'AF4'], 'bad_by_SNR': [], 'bad_by_dropout': [], 'bad_by_ransac': ['FC4', 'FC5', 'C1', 'FC3', 'FT7'], 'bad_all': ['Fp2', 'AF3', 'FC4', 'AF4', 'Fp1', 'Cz', 'AF8', 'FC5', 'C1', 'AF7', 'FC3', 'FT7']}
2025-04-21 14:19:58,695 - pyprep.reference - INFO - Robust reference done
2025-04-21 14:20:31,365 - pyxdf.pyxdf - INFO - Importing XDF file /data2/Projects/NKI_RS2/MoBI/sub-M10973864/ses-MOBI1A/lsl/sub-M10973864_ses-MOBI1A_task-cst_run-01_lsl.xdf.gz...
2025-04-21 14:20:56,737 - pyxdf.pyxdf - INFO -   performing clock synchronization...
2025-04-21 14:20:56,761 - pyxdf.pyxdf - INFO -   performing jitter removal...
2025-04-21 14:20:56,770 - pyxdf.pyxdf - INFO - Importing XDF file /data2/Projects/NKI_RS2/MoBI/sub-M10973864/ses-MOBI1A/lsl/sub-M10973864_ses-MOBI1A_task-cst_run-01_lsl.xdf.gz...
2025-04-21 14:21:17,369 - pyxdf.pyxdf - INFO -   performing clock synchronization...
2025-04-21 14:21:17,392 - pyxdf.pyxdf - INFO -   performing jitter removal...
2025-04-21 14:21:39,363 - pyprep.reference - INFO - Bad channels: {'bad_by_nan': [], 'bad_by_flat': [], 'bad_by_deviation': ['AF8'], 'bad_by_hf_noise': [], 'bad_by_correlation': ['Fz', 'FC1', 'Fp2', 'AF4'], 'bad_by_SNR': [], 'bad_by_dropout': [], 'bad_by_ransac': ['FC2', 'FC4'], 'bad_all': ['Fp2', 'FC4', 'FC2', 'FC1', 'AF4', 'AF8', 'Fz']}
2025-04-21 14:21:52,318 - pyprep.reference - INFO - Bad channels: {'bad_by_nan': [], 'bad_by_flat': [], 'bad_by_deviation': ['AF8'], 'bad_by_hf_noise': [], 'bad_by_correlation': ['FC1', 'AF4'], 'bad_by_SNR': [], 'bad_by_dropout': [], 'bad_by_ransac': ['P5', 'FC4'], 'bad_all': ['P5', 'FC4', 'FC1', 'AF4', 'AF8']}
2025-04-21 14:21:52,421 - pyprep.reference - INFO - Iterations: 1
2025-04-21 14:22:05,227 - pyprep.reference - INFO - Bad channels: {'bad_by_nan': [], 'bad_by_flat': [], 'bad_by_deviation': ['AF8'], 'bad_by_hf_noise': [], 'bad_by_correlation': ['FC1', 'AF4'], 'bad_by_SNR': [], 'bad_by_dropout': [], 'bad_by_ransac': ['P5', 'FC4'], 'bad_all': ['P5', 'FC4', 'FC1', 'AF4', 'AF8']}
2025-04-21 14:22:05,333 - pyprep.reference - INFO - Iterations: 2
2025-04-21 14:22:17,928 - pyprep.reference - INFO - Bad channels: {'bad_by_nan': [], 'bad_by_flat': [], 'bad_by_deviation': ['AF8'], 'bad_by_hf_noise': [], 'bad_by_correlation': ['FC1', 'AF4'], 'bad_by_SNR': [], 'bad_by_dropout': [], 'bad_by_ransac': ['P5', 'FC4'], 'bad_all': ['P5', 'FC4', 'FC1', 'AF4', 'AF8']}
2025-04-21 14:22:17,929 - pyprep.reference - INFO - Robust reference done
2025-04-21 14:22:46,650 - pyxdf.pyxdf - INFO - Importing XDF file /data2/Projects/NKI_RS2/MoBI/sub-M10973864/ses-MOBI1A/lsl/sub-M10973864_ses-MOBI1A_task-cst_run-02_lsl.xdf.gz...
2025-04-21 14:23:18,594 - pyxdf.pyxdf - INFO -   performing clock synchronization...
2025-04-21 14:23:18,618 - pyxdf.pyxdf - INFO -   performing jitter removal...
2025-04-21 14:23:18,630 - pyxdf.pyxdf - INFO - Importing XDF file /data2/Projects/NKI_RS2/MoBI/sub-M10973864/ses-MOBI1A/lsl/sub-M10973864_ses-MOBI1A_task-cst_run-02_lsl.xdf.gz...
2025-04-21 14:23:44,233 - pyxdf.pyxdf - INFO -   performing clock synchronization...
2025-04-21 14:23:44,257 - pyxdf.pyxdf - INFO -   performing jitter removal...
2025-04-21 14:24:09,718 - pyprep.reference - INFO - Bad channels: {'bad_by_nan': [], 'bad_by_flat': [], 'bad_by_deviation': ['Fp1', 'AF7', 'AF8'], 'bad_by_hf_noise': [], 'bad_by_correlation': ['Fz', 'FC1', 'FC2', 'Fp2', 'AF3', 'AFz', 'AF4'], 'bad_by_SNR': [], 'bad_by_dropout': [], 'bad_by_ransac': ['FC4'], 'bad_all': ['AFz', 'Fp2', 'AF3', 'FC4', 'FC2', 'FC1', 'Fp1', 'AF4', 'AF8', 'AF7', 'Fz']}
2025-04-21 14:24:24,406 - pyprep.reference - INFO - Bad channels: {'bad_by_nan': [], 'bad_by_flat': [], 'bad_by_deviation': ['Fp2', 'AF3', 'AF4', 'Fp1', 'AF8', 'AF7'], 'bad_by_hf_noise': [], 'bad_by_correlation': ['AFz', 'Fp2', 'FC1', 'AF4', 'CP5', 'AF8'], 'bad_by_SNR': [], 'bad_by_dropout': [], 'bad_by_ransac': [], 'bad_all': ['AFz', 'Fp2', 'AF3', 'FC1', 'Fp1', 'AF4', 'CP5', 'AF8', 'AF7']}
2025-04-21 14:24:24,515 - pyprep.reference - INFO - Iterations: 1
2025-04-21 14:24:38,682 - pyprep.reference - INFO - Bad channels: {'bad_by_nan': [], 'bad_by_flat': [], 'bad_by_deviation': ['Fp2', 'AF3', 'F9', 'Fp1', 'AF4', 'AF8', 'AF7'], 'bad_by_hf_noise': [], 'bad_by_correlation': ['AFz', 'Fp2', 'AF3', 'FC1', 'AF4', 'CP5', 'AF8'], 'bad_by_SNR': [], 'bad_by_dropout': [], 'bad_by_ransac': [], 'bad_all': ['AFz', 'Fp2', 'AF3', 'F9', 'FC1', 'AF4', 'Fp1', 'CP5', 'AF8', 'AF7']}
2025-04-21 14:24:38,799 - pyprep.reference - INFO - Iterations: 2
2025-04-21 14:24:52,570 - pyprep.reference - INFO - Bad channels: {'bad_by_nan': [], 'bad_by_flat': [], 'bad_by_deviation': ['Fp2', 'AF3', 'F9', 'AF4', 'Fp1', 'AF8', 'AF7'], 'bad_by_hf_noise': [], 'bad_by_correlation': ['AFz', 'Fp2', 'AF3', 'FC1', 'AF4', 'CP5', 'AF8'], 'bad_by_SNR': [], 'bad_by_dropout': [], 'bad_by_ransac': [], 'bad_all': ['AFz', 'Fp2', 'AF3', 'F9', 'FC1', 'AF4', 'Fp1', 'CP5', 'AF8', 'AF7']}
2025-04-21 14:24:52,570 - pyprep.reference - INFO - Robust reference done
2025-04-21 14:25:24,918 - pyxdf.pyxdf - INFO - Importing XDF file /data2/Projects/NKI_RS2/MoBI/sub-M10931165/ses-MOBI1A/lsl/sub-M10931165_ses-MOBI1A_task-cst_run-01_lsl.xdf.gz...
2025-04-21 14:25:43,305 - pyxdf.pyxdf - INFO -   performing clock synchronization...
2025-04-21 14:25:43,328 - pyxdf.pyxdf - INFO -   performing jitter removal...
2025-04-21 14:25:43,337 - pyxdf.pyxdf - INFO - Importing XDF file /data2/Projects/NKI_RS2/MoBI/sub-M10931165/ses-MOBI1A/lsl/sub-M10931165_ses-MOBI1A_task-cst_run-01_lsl.xdf.gz...
2025-04-21 14:25:57,736 - pyxdf.pyxdf - INFO -   performing clock synchronization...
2025-04-21 14:25:57,758 - pyxdf.pyxdf - INFO -   performing jitter removal...
2025-04-21 14:26:14,045 - pyprep.reference - INFO - Bad channels: {'bad_by_nan': [], 'bad_by_flat': [], 'bad_by_deviation': [], 'bad_by_hf_noise': ['F4', 'FC4', 'F2'], 'bad_by_correlation': ['Fz', 'F8', 'F4', 'AFz', 'F6', 'F2', 'AF8'], 'bad_by_SNR': ['F2', 'F4'], 'bad_by_dropout': [], 'bad_by_ransac': ['F9', 'FC2', 'AF4'], 'bad_all': ['AFz', 'F2', 'F4', 'FC4', 'F9', 'FC2', 'AF4', 'AF8', 'F8', 'F6', 'Fz']}
2025-04-21 14:26:23,332 - pyprep.reference - INFO - Bad channels: {'bad_by_nan': [], 'bad_by_flat': [], 'bad_by_deviation': ['AF8'], 'bad_by_hf_noise': ['F2', 'F4'], 'bad_by_correlation': ['F9', 'F2', 'F4', 'Fp1'], 'bad_by_SNR': ['F2', 'F4'], 'bad_by_dropout': [], 'bad_by_ransac': ['CP1'], 'bad_all': ['F2', 'F4', 'F9', 'Fp1', 'AF8', 'CP1']}
2025-04-21 14:26:23,419 - pyprep.reference - INFO - Iterations: 1
2025-04-21 14:26:32,482 - pyprep.reference - INFO - Bad channels: {'bad_by_nan': [], 'bad_by_flat': [], 'bad_by_deviation': ['AF8', 'F9'], 'bad_by_hf_noise': ['F2', 'F4'], 'bad_by_correlation': ['AFz', 'Fp2', 'F2', 'F4', 'F9', 'Fp1', 'AF8'], 'bad_by_SNR': ['F2', 'F4'], 'bad_by_dropout': [], 'bad_by_ransac': ['CP1', 'Fz'], 'bad_all': ['AFz', 'F2', 'Fp2', 'F4', 'F9', 'Fp1', 'AF8', 'CP1', 'Fz']}
2025-04-21 14:26:32,563 - pyprep.reference - INFO - Iterations: 2
2025-04-21 14:26:41,391 - pyprep.reference - INFO - Bad channels: {'bad_by_nan': [], 'bad_by_flat': [], 'bad_by_deviation': ['AF8', 'F9'], 'bad_by_hf_noise': ['F2', 'F4'], 'bad_by_correlation': ['AFz', 'Fp2', 'F2', 'F4', 'F9', 'Fp1', 'AF8'], 'bad_by_SNR': ['F2', 'F4'], 'bad_by_dropout': [], 'bad_by_ransac': ['CP1', 'Fz'], 'bad_all': ['AFz', 'F2', 'Fp2', 'F4', 'F9', 'Fp1', 'AF8', 'CP1', 'Fz']}
2025-04-21 14:26:41,391 - pyprep.reference - INFO - Robust reference done
2025-04-21 14:27:01,083 - pyxdf.pyxdf - INFO - Importing XDF file /data2/Projects/NKI_RS2/MoBI/sub-M10931165/ses-MOBI1A/lsl/sub-M10931165_ses-MOBI1A_task-cst_run-02_lsl.xdf.gz...
2025-04-21 14:27:30,914 - pyxdf.pyxdf - INFO -   performing clock synchronization...
2025-04-21 14:27:30,938 - pyxdf.pyxdf - INFO -   performing jitter removal...
2025-04-21 14:27:30,949 - pyxdf.pyxdf - INFO - Importing XDF file /data2/Projects/NKI_RS2/MoBI/sub-M10931165/ses-MOBI1A/lsl/sub-M10931165_ses-MOBI1A_task-cst_run-02_lsl.xdf.gz...
2025-04-21 14:27:54,482 - pyxdf.pyxdf - INFO -   performing clock synchronization...
2025-04-21 14:27:54,504 - pyxdf.pyxdf - INFO -   performing jitter removal...
2025-04-21 14:28:20,764 - pyprep.reference - INFO - Bad channels: {'bad_by_nan': [], 'bad_by_flat': [], 'bad_by_deviation': [], 'bad_by_hf_noise': ['FC2', 'FC6', 'F8', 'FC4', 'F6', 'F2'], 'bad_by_correlation': ['F10', 'F8', 'F4', 'AF7', 'AFz'], 'bad_by_SNR': ['F8'], 'bad_by_dropout': [], 'bad_by_ransac': ['F9', 'F6', 'F2'], 'bad_all': ['AFz', 'F2', 'F4', 'FC4', 'F9', 'FC6', 'FC2', 'F8', 'F10', 'AF7', 'F6']}
2025-04-21 14:28:36,237 - pyprep.reference - INFO - Bad channels: {'bad_by_nan': [], 'bad_by_flat': [], 'bad_by_deviation': ['AF8'], 'bad_by_hf_noise': ['CP2', 'C2', 'F8'], 'bad_by_correlation': ['F9', 'F8', 'AF7', 'Fp1'], 'bad_by_SNR': ['F8'], 'bad_by_dropout': [], 'bad_by_ransac': ['FC5', 'CP1', 'FT7'], 'bad_all': ['CP2', 'F9', 'C2', 'Fp1', 'FC5', 'AF8', 'F8', 'AF7', 'CP1', 'FT7']}
2025-04-21 14:28:36,354 - pyprep.reference - INFO - Iterations: 1
2025-04-21 14:28:51,178 - pyprep.reference - INFO - Bad channels: {'bad_by_nan': [], 'bad_by_flat': [], 'bad_by_deviation': ['Fp2', 'AF8', 'AF4'], 'bad_by_hf_noise': ['CP2', 'C2', 'F8'], 'bad_by_correlation': ['AF3', 'F9', 'Fp1', 'F8', 'AF7'], 'bad_by_SNR': ['F8'], 'bad_by_dropout': [], 'bad_by_ransac': ['FC5', 'C1', 'CP1', 'FT7'], 'bad_all': ['CP2', 'Fp2', 'AF3', 'F9', 'C2', 'AF4', 'Fp1', 'FC5', 'AF8', 'C1', 'F8', 'AF7', 'CP1', 'FT7']}
2025-04-21 14:28:51,298 - pyprep.reference - INFO - Iterations: 2
2025-04-21 14:29:05,566 - pyprep.reference - INFO - Bad channels: {'bad_by_nan': [], 'bad_by_flat': [], 'bad_by_deviation': ['Fp2', 'AF8', 'AF4'], 'bad_by_hf_noise': ['CP2', 'C2', 'F8'], 'bad_by_correlation': ['AF3', 'F9', 'Fp1', 'F8', 'AF7'], 'bad_by_SNR': ['F8'], 'bad_by_dropout': [], 'bad_by_ransac': ['FC5', 'C1', 'CP1', 'FT7'], 'bad_all': ['CP2', 'Fp2', 'AF3', 'F9', 'C2', 'AF4', 'Fp1', 'FC5', 'AF8', 'C1', 'F8', 'AF7', 'CP1', 'FT7']}
2025-04-21 14:29:05,566 - pyprep.reference - INFO - Robust reference done
2025-04-21 14:29:38,697 - pyxdf.pyxdf - INFO - Importing XDF file /data2/Projects/NKI_RS2/MoBI/sub-M10902675/ses-MOBI1A/lsl/sub-M10902675_ses-MOBI1A_task-cst_run-01_lsl.xdf.gz...
2025-04-21 14:29:57,975 - pyxdf.pyxdf - INFO -   performing clock synchronization...
2025-04-21 14:29:57,998 - pyxdf.pyxdf - INFO -   performing jitter removal...
2025-04-21 14:29:58,006 - pyxdf.pyxdf - INFO - Importing XDF file /data2/Projects/NKI_RS2/MoBI/sub-M10902675/ses-MOBI1A/lsl/sub-M10902675_ses-MOBI1A_task-cst_run-01_lsl.xdf.gz...
2025-04-21 14:30:12,917 - pyxdf.pyxdf - INFO -   performing clock synchronization...
2025-04-21 14:30:12,939 - pyxdf.pyxdf - INFO -   performing jitter removal...
2025-04-21 14:30:30,705 - pyprep.reference - INFO - Bad channels: {'bad_by_nan': [], 'bad_by_flat': [], 'bad_by_deviation': [], 'bad_by_hf_noise': [], 'bad_by_correlation': [], 'bad_by_SNR': [], 'bad_by_dropout': [], 'bad_by_ransac': ['Fz', 'Cz'], 'bad_all': ['Cz', 'Fz']}
2025-04-21 14:30:42,423 - pyprep.reference - INFO - Bad channels: {'bad_by_nan': [], 'bad_by_flat': [], 'bad_by_deviation': [], 'bad_by_hf_noise': ['C4'], 'bad_by_correlation': ['Cz'], 'bad_by_SNR': [], 'bad_by_dropout': [], 'bad_by_ransac': [], 'bad_all': ['Cz', 'C4']}
2025-04-21 14:30:42,512 - pyprep.reference - INFO - Iterations: 1
2025-04-21 14:30:52,697 - pyprep.reference - INFO - Bad channels: {'bad_by_nan': [], 'bad_by_flat': [], 'bad_by_deviation': [], 'bad_by_hf_noise': ['C4'], 'bad_by_correlation': ['Cz'], 'bad_by_SNR': [], 'bad_by_dropout': [], 'bad_by_ransac': [], 'bad_all': ['Cz', 'C4']}
2025-04-21 14:30:52,788 - pyprep.reference - INFO - Iterations: 2
2025-04-21 14:31:02,220 - pyprep.reference - INFO - Bad channels: {'bad_by_nan': [], 'bad_by_flat': [], 'bad_by_deviation': [], 'bad_by_hf_noise': ['C4'], 'bad_by_correlation': ['Cz'], 'bad_by_SNR': [], 'bad_by_dropout': [], 'bad_by_ransac': [], 'bad_all': ['Cz', 'C4']}
2025-04-21 14:31:02,220 - pyprep.reference - INFO - Robust reference done
2025-04-21 14:31:22,539 - pyxdf.pyxdf - INFO - Importing XDF file /data2/Projects/NKI_RS2/MoBI/sub-M10902675/ses-MOBI1A/lsl/sub-M10902675_ses-MOBI1A_task-cst_run-02_lsl.xdf.gz...
2025-04-21 14:31:53,095 - pyxdf.pyxdf - INFO -   performing clock synchronization...
2025-04-21 14:31:53,119 - pyxdf.pyxdf - INFO -   performing jitter removal...
2025-04-21 14:31:53,131 - pyxdf.pyxdf - INFO - Importing XDF file /data2/Projects/NKI_RS2/MoBI/sub-M10902675/ses-MOBI1A/lsl/sub-M10902675_ses-MOBI1A_task-cst_run-02_lsl.xdf.gz...
2025-04-21 14:32:17,264 - pyxdf.pyxdf - INFO -   performing clock synchronization...
2025-04-21 14:32:17,288 - pyxdf.pyxdf - INFO -   performing jitter removal...
2025-04-21 14:32:44,390 - pyprep.reference - INFO - Bad channels: {'bad_by_nan': [], 'bad_by_flat': [], 'bad_by_deviation': [], 'bad_by_hf_noise': [], 'bad_by_correlation': ['Cz'], 'bad_by_SNR': [], 'bad_by_dropout': [], 'bad_by_ransac': ['Fz'], 'bad_all': ['Cz', 'Fz']}
2025-04-21 14:33:00,395 - pyprep.reference - INFO - Bad channels: {'bad_by_nan': [], 'bad_by_flat': [], 'bad_by_deviation': [], 'bad_by_hf_noise': ['C4'], 'bad_by_correlation': ['Cz'], 'bad_by_SNR': [], 'bad_by_dropout': [], 'bad_by_ransac': [], 'bad_all': ['Cz', 'C4']}
2025-04-21 14:33:00,651 - pyprep.reference - INFO - Iterations: 1
2025-04-21 14:33:16,231 - pyprep.reference - INFO - Bad channels: {'bad_by_nan': [], 'bad_by_flat': [], 'bad_by_deviation': [], 'bad_by_hf_noise': ['C4'], 'bad_by_correlation': ['Cz'], 'bad_by_SNR': [], 'bad_by_dropout': [], 'bad_by_ransac': [], 'bad_all': ['Cz', 'C4']}
2025-04-21 14:33:16,454 - pyprep.reference - INFO - Iterations: 2
2025-04-21 14:33:32,055 - pyprep.reference - INFO - Bad channels: {'bad_by_nan': [], 'bad_by_flat': [], 'bad_by_deviation': [], 'bad_by_hf_noise': ['C4'], 'bad_by_correlation': ['Cz'], 'bad_by_SNR': [], 'bad_by_dropout': [], 'bad_by_ransac': [], 'bad_all': ['Cz', 'C4']}
2025-04-21 14:33:32,055 - pyprep.reference - INFO - Robust reference done
2025-04-21 14:34:05,641 - pyxdf.pyxdf - INFO - Importing XDF file /data2/Projects/NKI_RS2/MoBI/sub-M10922949/ses-MOBI1A/lsl/sub-M10922949_ses-MOBI1A_task-cst_run-01_lsl.xdf.gz...
2025-04-21 14:34:15,007 - pyxdf.pyxdf - INFO -   performing clock synchronization...
2025-04-21 14:34:15,030 - pyxdf.pyxdf - INFO -   performing jitter removal...
2025-04-21 14:34:15,037 - pyxdf.pyxdf - INFO - Importing XDF file /data2/Projects/NKI_RS2/MoBI/sub-M10922949/ses-MOBI1A/lsl/sub-M10922949_ses-MOBI1A_task-cst_run-01_lsl.xdf.gz...
2025-04-21 14:34:22,144 - pyxdf.pyxdf - INFO -   performing clock synchronization...
2025-04-21 14:34:22,166 - pyxdf.pyxdf - INFO -   performing jitter removal...
2025-04-21 14:34:37,432 - pyprep.reference - INFO - Bad channels: {'bad_by_nan': [], 'bad_by_flat': [], 'bad_by_deviation': ['F10', 'AF4'], 'bad_by_hf_noise': ['AFz'], 'bad_by_correlation': ['Fz', 'F8', 'F2', 'AF4'], 'bad_by_SNR': [], 'bad_by_dropout': [], 'bad_by_ransac': ['Cz', 'FC4'], 'bad_all': ['AFz', 'F2', 'FC4', 'AF4', 'Cz', 'F8', 'F10', 'Fz']}
2025-04-21 14:34:47,383 - pyprep.reference - INFO - Bad channels: {'bad_by_nan': [], 'bad_by_flat': [], 'bad_by_deviation': ['F10', 'AF4'], 'bad_by_hf_noise': ['AFz', 'CP1', 'F1'], 'bad_by_correlation': ['F2', 'F8'], 'bad_by_SNR': [], 'bad_by_dropout': [], 'bad_by_ransac': ['Cz', 'FC4'], 'bad_all': ['AFz', 'F2', 'F1', 'FC4', 'AF4', 'Cz', 'F8', 'F10', 'CP1']}
2025-04-21 14:34:47,470 - pyprep.reference - INFO - Iterations: 1
2025-04-21 14:34:57,326 - pyprep.reference - INFO - Bad channels: {'bad_by_nan': [], 'bad_by_flat': [], 'bad_by_deviation': ['F8', 'F10', 'AF4'], 'bad_by_hf_noise': ['AFz', 'CP1', 'F1'], 'bad_by_correlation': ['F2', 'F8', 'AF4'], 'bad_by_SNR': [], 'bad_by_dropout': [], 'bad_by_ransac': ['Cz', 'F4', 'FC2', 'FC4'], 'bad_all': ['AFz', 'F2', 'F4', 'F1', 'FC4', 'FC2', 'AF4', 'Cz', 'F8', 'F10', 'CP1']}
2025-04-21 14:34:57,410 - pyprep.reference - INFO - Iterations: 2
2025-04-21 14:35:06,898 - pyprep.reference - INFO - Bad channels: {'bad_by_nan': [], 'bad_by_flat': [], 'bad_by_deviation': ['F8', 'F10', 'AF4'], 'bad_by_hf_noise': ['AFz', 'CP1', 'F1'], 'bad_by_correlation': ['F2', 'F8', 'AF4'], 'bad_by_SNR': [], 'bad_by_dropout': [], 'bad_by_ransac': ['F4', 'FC4', 'FC2', 'Cz', 'Fz'], 'bad_all': ['AFz', 'F2', 'F4', 'F1', 'FC4', 'FC2', 'AF4', 'Cz', 'F8', 'F10', 'CP1', 'Fz']}
2025-04-21 14:35:06,991 - pyprep.reference - INFO - Iterations: 3
2025-04-21 14:35:16,476 - pyprep.reference - INFO - Bad channels: {'bad_by_nan': [], 'bad_by_flat': [], 'bad_by_deviation': ['F8', 'F10', 'AF4'], 'bad_by_hf_noise': ['AFz', 'CP1', 'F1'], 'bad_by_correlation': ['F2', 'F8', 'AF4'], 'bad_by_SNR': [], 'bad_by_dropout': [], 'bad_by_ransac': ['F4', 'FC4', 'FC2', 'Cz', 'Fz'], 'bad_all': ['AFz', 'F2', 'F4', 'F1', 'FC4', 'FC2', 'AF4', 'Cz', 'F8', 'F10', 'CP1', 'Fz']}
2025-04-21 14:35:16,476 - pyprep.reference - INFO - Robust reference done
2025-04-21 14:35:37,867 - pyxdf.pyxdf - INFO - Importing XDF file /data2/Projects/NKI_RS2/MoBI/sub-M10922949/ses-MOBI1A/lsl/sub-M10922949_ses-MOBI1A_task-cst_run-02_lsl.xdf.gz...
2025-04-21 14:35:52,054 - pyxdf.pyxdf - INFO -   performing clock synchronization...
2025-04-21 14:35:52,078 - pyxdf.pyxdf - INFO -   performing jitter removal...
2025-04-21 14:35:52,090 - pyxdf.pyxdf - INFO - Importing XDF file /data2/Projects/NKI_RS2/MoBI/sub-M10922949/ses-MOBI1A/lsl/sub-M10922949_ses-MOBI1A_task-cst_run-02_lsl.xdf.gz...
2025-04-21 14:36:02,832 - pyxdf.pyxdf - INFO -   performing clock synchronization...
2025-04-21 14:36:02,855 - pyxdf.pyxdf - INFO -   performing jitter removal...
2025-04-21 14:36:29,997 - pyprep.reference - INFO - Bad channels: {'bad_by_nan': [], 'bad_by_flat': [], 'bad_by_deviation': ['F10', 'AF4'], 'bad_by_hf_noise': ['AFz', 'F1'], 'bad_by_correlation': ['Fz', 'F2'], 'bad_by_SNR': [], 'bad_by_dropout': [], 'bad_by_ransac': ['F9'], 'bad_all': ['AFz', 'F2', 'F1', 'F9', 'AF4', 'F10', 'Fz']}
2025-04-21 14:36:45,118 - pyprep.reference - INFO - Bad channels: {'bad_by_nan': [], 'bad_by_flat': [], 'bad_by_deviation': ['F8', 'F10', 'AF4'], 'bad_by_hf_noise': ['AFz', 'CP1', 'F1'], 'bad_by_correlation': ['F2', 'F8', 'CPz', 'AF4'], 'bad_by_SNR': [], 'bad_by_dropout': [], 'bad_by_ransac': ['Pz', 'Fz'], 'bad_all': ['AFz', 'F2', 'CPz', 'F1', 'AF4', 'Pz', 'F8', 'F10', 'CP1', 'Fz']}
2025-04-21 14:36:45,235 - pyprep.reference - INFO - Iterations: 1
2025-04-21 14:37:00,036 - pyprep.reference - INFO - Bad channels: {'bad_by_nan': [], 'bad_by_flat': [], 'bad_by_deviation': ['F8', 'F10', 'AF4'], 'bad_by_hf_noise': ['AFz', 'CP1', 'F1'], 'bad_by_correlation': ['F2', 'F8', 'CPz', 'AF4'], 'bad_by_SNR': [], 'bad_by_dropout': [], 'bad_by_ransac': ['Pz', 'Fz', 'F4'], 'bad_all': ['AFz', 'F2', 'F4', 'CPz', 'F1', 'AF4', 'Pz', 'F8', 'F10', 'CP1', 'Fz']}
2025-04-21 14:37:00,162 - pyprep.reference - INFO - Iterations: 2
2025-04-21 14:37:17,424 - pyprep.reference - INFO - Bad channels: {'bad_by_nan': [], 'bad_by_flat': [], 'bad_by_deviation': ['F8', 'F10', 'AF4'], 'bad_by_hf_noise': ['AFz', 'CP1', 'F1'], 'bad_by_correlation': ['F2', 'F8', 'CPz', 'AF4'], 'bad_by_SNR': [], 'bad_by_dropout': [], 'bad_by_ransac': ['Pz', 'Fz', 'F4', 'FC4'], 'bad_all': ['AFz', 'F2', 'F4', 'CPz', 'F1', 'FC4', 'AF4', 'Pz', 'F8', 'F10', 'CP1', 'Fz']}
2025-04-21 14:37:17,545 - pyprep.reference - INFO - Iterations: 3
2025-04-21 14:37:33,040 - pyprep.reference - INFO - Bad channels: {'bad_by_nan': [], 'bad_by_flat': [], 'bad_by_deviation': ['F8', 'F10', 'AF4'], 'bad_by_hf_noise': ['AFz', 'CP1', 'F1'], 'bad_by_correlation': ['F2', 'F8', 'CPz', 'AF4'], 'bad_by_SNR': [], 'bad_by_dropout': [], 'bad_by_ransac': ['F4', 'F9', 'FC4', 'FC2', 'Pz', 'Fz'], 'bad_all': ['AFz', 'F2', 'F4', 'CPz', 'F1', 'F9', 'FC4', 'FC2', 'AF4', 'Pz', 'F8', 'F10', 'CP1', 'Fz']}
2025-04-21 14:37:33,161 - pyprep.reference - INFO - Iterations: 4
2025-04-21 14:37:48,826 - pyprep.reference - INFO - Bad channels: {'bad_by_nan': [], 'bad_by_flat': [], 'bad_by_deviation': ['F8', 'F10', 'AF4'], 'bad_by_hf_noise': ['AFz', 'CP1', 'F1'], 'bad_by_correlation': ['F2', 'F8', 'CPz', 'AF4'], 'bad_by_SNR': [], 'bad_by_dropout': [], 'bad_by_ransac': ['F4', 'FC4', 'F9', 'FC2', 'Pz', 'Fz'], 'bad_all': ['AFz', 'F2', 'F4', 'CPz', 'F1', 'FC4', 'F9', 'FC2', 'AF4', 'Pz', 'F8', 'F10', 'CP1', 'Fz']}
2025-04-21 14:37:48,826 - pyprep.reference - INFO - Robust reference done
2025-04-21 14:38:22,037 - pyxdf.pyxdf - INFO - Importing XDF file /data2/Projects/NKI_RS2/MoBI/sub-M10936289/ses-MOBI1/lsl/sub-M10936289_ses-MOBI1_task-rey0_run-01_lsl.xdf.gz...
2025-04-21 14:38:23,749 - pyxdf.pyxdf - INFO - Importing XDF file /data2/Projects/NKI_RS2/MoBI/sub-M10936289/ses-MOBI1/lsl/sub-M10936289_ses-MOBI1_task-rey1_run-01_lsl.xdf.gz...
2025-04-21 14:38:24,803 - pyxdf.pyxdf - INFO - Importing XDF file /data2/Projects/NKI_RS2/MoBI/sub-M10936289/ses-MOBI1/lsl/sub-M10936289_ses-MOBI1_task-spirals_run-01_lsl.xdf.gz...
2025-04-21 14:38:26,148 - pyxdf.pyxdf - INFO - Importing XDF file /data2/Projects/NKI_RS2/MoBI/sub-M10936289/ses-MOBI1/lsl/sub-M10936289_ses-MOBI1_task-trails_run-01_lsl.xdf.gz...
2025-04-21 14:38:27,843 - pyxdf.pyxdf - INFO - Importing XDF file /data2/Projects/NKI_RS2/MoBI/sub-M10936289/ses-MOBI1/lsl/sub-M10936289_ses-MOBI1_task-WAARTS_run-01_lsl.xdf.gz...
2025-04-21 14:38:28,521 - pyxdf.pyxdf - INFO - Importing XDF file /data2/Projects/NKI_RS2/MoBI/sub-M10936289/ses-MOBI1/lsl/sub-M10936289_ses-MOBI1_task-writesamples_run-01_lsl.xdf.gz...
2025-04-21 14:38:29,841 - pyxdf.pyxdf - INFO - Importing XDF file /data2/Projects/NKI_RS2/MoBI/sub-M10936289/ses-MOBI1/lsl/sub-M10936289_ses-MOBI1_task-alphawrite_run-01_lsl.xdf.gz...
2025-04-21 14:38:31,021 - pyxdf.pyxdf - INFO - Importing XDF file /data2/Projects/NKI_RS2/MoBI/sub-M10936289/ses-MOBI1/lsl/sub-M10936289_ses-MOBI1_task-cst_run-01_lsl.xdf.gz...
2025-04-21 14:39:29,630 - pyxdf.pyxdf - INFO -   performing clock synchronization...
2025-04-21 14:39:29,662 - pyxdf.pyxdf - INFO -   performing jitter removal...
2025-04-21 14:39:29,851 - pyxdf.pyxdf - INFO - Importing XDF file /data2/Projects/NKI_RS2/MoBI/sub-M10936289/ses-MOBI1/lsl/sub-M10936289_ses-MOBI1_task-cst_run-01_lsl.xdf.gz...
2025-04-21 14:40:09,543 - pyxdf.pyxdf - INFO -   performing clock synchronization...
2025-04-21 14:40:09,567 - pyxdf.pyxdf - INFO -   performing jitter removal...
2025-04-21 14:41:28,359 - pyprep.reference - INFO - Bad channels: {'bad_by_nan': [], 'bad_by_flat': [], 'bad_by_deviation': ['POz', 'CP3', 'PO7'], 'bad_by_hf_noise': ['TP9'], 'bad_by_correlation': [], 'bad_by_SNR': [], 'bad_by_dropout': [], 'bad_by_ransac': [], 'bad_all': ['POz', 'CP3', 'PO7', 'TP9']}
2025-04-21 14:41:50,487 - pyprep.reference - INFO - Bad channels: {'bad_by_nan': [], 'bad_by_flat': [], 'bad_by_deviation': ['POz', 'CP3', 'PO7'], 'bad_by_hf_noise': ['C6', 'FT8', 'TP9'], 'bad_by_correlation': ['CP2'], 'bad_by_SNR': [], 'bad_by_dropout': [], 'bad_by_ransac': ['P3', 'FC4', 'Oz', 'Pz', 'P1', 'F8', 'P5', 'AF3', 'P6', 'PO4', 'CP5', 'P4', 'TP8', 'CP4', 'CPz', 'FC2', 'FC3', 'Fz', 'T8', 'P2', 'F5', 'CP6', 'C6', 'FT8', 'C4'], 'bad_all': ['P3', 'FC4', 'Oz', 'Pz', 'P1', 'F8', 'CP2', 'P5', 'AF3', 'P6', 'PO7', 'PO4', 'CP5', 'P4', 'TP8', 'CP4', 'CPz', 'FC2', 'FC3', 'POz', 'Fz', 'T8', 'P2', 'TP9', 'F5', 'CP3', 'C6', 'CP6', 'FT8', 'C4']}
2025-04-21 14:41:50,646 - pyprep.reference - INFO - Iterations: 1
2025-04-21 14:42:11,849 - pyprep.reference - INFO - Bad channels: {'bad_by_nan': [], 'bad_by_flat': [], 'bad_by_deviation': ['POz', 'CP3', 'PO7'], 'bad_by_hf_noise': ['C6', 'TP9', 'FT8'], 'bad_by_correlation': ['CP2', 'FC4', 'TP9', 'Oz', 'PO8'], 'bad_by_SNR': ['TP9'], 'bad_by_dropout': [], 'bad_by_ransac': ['P3', 'FC4', 'Oz', 'Pz', 'P1', 'FC5', 'F8', 'F7', 'CP2', 'P5', 'AF3', 'P6', 'FC1', 'PO4', 'CP5', 'P4', 'TP8', 'CP4', 'CPz', 'FC2', 'FC3', 'Fz', 'T8', 'P2', 'C2', 'F5', 'CP6', 'C6', 'TP10', 'FT8', 'C4'], 'bad_all': ['P3', 'FC4', 'Oz', 'Pz', 'P1', 'FC5', 'F8', 'F7', 'CP2', 'P5', 'AF3', 'P6', 'PO7', 'FC1', 'PO4', 'CP5', 'P4', 'TP8', 'PO8', 'CP4', 'CPz', 'FC2', 'FC3', 'POz', 'Fz', 'T8', 'P2', 'TP9', 'C2', 'F5', 'CP3', 'C6', 'CP6', 'TP10', 'FT8', 'C4']}
2025-04-21 14:42:12,005 - pyprep.reference - INFO - Iterations: 2
2025-04-21 14:42:30,352 - pyprep.reference - INFO - Bad channels: {'bad_by_nan': [], 'bad_by_flat': [], 'bad_by_deviation': ['POz', 'CP3', 'PO7'], 'bad_by_hf_noise': ['C6', 'FT8', 'TP9'], 'bad_by_correlation': ['CP2', 'TP9', 'FC4', 'C2', 'Oz', 'C3', 'PO8', 'T8'], 'bad_by_SNR': ['TP9'], 'bad_by_dropout': [], 'bad_by_ransac': ['P3', 'P8', 'FC4', 'Oz', 'Pz', 'P1', 'FC5', 'F8', 'F7', 'CP2', 'P5', 'AF3', 'P6', 'TP7', 'FC1', 'PO4', 'CP5', 'P4', 'TP8', 'CP4', 'CPz', 'FC2', 'FC3', 'Fz', 'T8', 'P2', 'C2', 'F5', 'CP6', 'C6', 'TP10', 'FT8', 'C4', 'CP1'], 'bad_all': ['P3', 'P8', 'FC4', 'Oz', 'Pz', 'P1', 'FC5', 'F8', 'F7', 'CP2', 'P5', 'AF3', 'P6', 'TP7', 'PO7', 'FC1', 'PO4', 'CP5', 'P4', 'TP8', 'PO8', 'CP4', 'CPz', 'FC2', 'C3', 'FC3', 'POz', 'Fz', 'T8', 'P2', 'TP9', 'C2', 'F5', 'CP3', 'C6', 'CP6', 'TP10', 'FT8', 'C4', 'CP1']}
2025-04-21 14:42:30,514 - pyprep.reference - INFO - Iterations: 3
2025-04-21 14:42:50,116 - pyprep.reference - INFO - Bad channels: {'bad_by_nan': [], 'bad_by_flat': [], 'bad_by_deviation': ['POz', 'CP3', 'PO7'], 'bad_by_hf_noise': ['C6', 'TP9', 'FT8'], 'bad_by_correlation': ['CP2', 'FC4', 'C2', 'TP9', 'Oz', 'C3', 'PO8', 'T8'], 'bad_by_SNR': ['TP9'], 'bad_by_dropout': [], 'bad_by_ransac': ['P3', 'P8', 'FC4', 'PO3', 'Oz', 'Pz', 'P1', 'FC5', 'P7', 'F8', 'F7', 'CP2', 'P5', 'AF3', 'P6', 'TP7', 'FC1', 'PO4', 'CP5', 'P4', 'TP8', 'CP4', 'O1', 'CPz', 'FC2', 'FC3', 'Fz', 'T8', 'P2', 'C2', 'F5', 'CP6', 'C6', 'TP10', 'FT8', 'C4', 'CP1'], 'bad_all': ['P3', 'P8', 'FC4', 'PO3', 'Oz', 'Pz', 'P1', 'FC5', 'P7', 'F8', 'F7', 'CP2', 'P5', 'AF3', 'P6', 'TP7', 'PO7', 'FC1', 'PO4', 'CP5', 'P4', 'TP8', 'PO8', 'CP4', 'O1', 'CPz', 'FC2', 'C3', 'FC3', 'POz', 'Fz', 'T8', 'P2', 'TP9', 'C2', 'F5', 'CP3', 'C6', 'CP6', 'TP10', 'FT8', 'C4', 'CP1']}
2025-04-21 14:42:50,267 - pyprep.reference - INFO - Iterations: 4
2025-04-21 14:43:09,312 - pyprep.reference - INFO - Bad channels: {'bad_by_nan': [], 'bad_by_flat': [], 'bad_by_deviation': ['POz', 'CP3', 'PO7'], 'bad_by_hf_noise': ['C6', 'FT8', 'TP9'], 'bad_by_correlation': ['CP2', 'TP9', 'C2', 'FC4', 'Oz', 'C3', 'Pz', 'PO8', 'T8'], 'bad_by_SNR': ['TP9'], 'bad_by_dropout': [], 'bad_by_ransac': ['P3', 'P8', 'FC4', 'PO3', 'Oz', 'Pz', 'P1', 'FC5', 'P7', 'F8', 'F7', 'CP2', 'P5', 'AF3', 'P6', 'TP7', 'FC1', 'PO4', 'CP5', 'P4', 'TP8', 'PO8', 'CP4', 'O1', 'CPz', 'FC2', 'FC3', 'Fz', 'T8', 'P2', 'TP9', 'C2', 'F5', 'CP6', 'C6', 'TP10', 'FT8', 'C4', 'CP1'], 'bad_all': ['P3', 'P8', 'FC4', 'PO3', 'Oz', 'Pz', 'P1', 'FC5', 'P7', 'F8', 'F7', 'CP2', 'P5', 'AF3', 'P6', 'TP7', 'PO7', 'FC1', 'PO4', 'CP5', 'P4', 'TP8', 'PO8', 'CP4', 'O1', 'CPz', 'FC2', 'C3', 'FC3', 'POz', 'Fz', 'T8', 'P2', 'TP9', 'C2', 'F5', 'CP3', 'C6', 'CP6', 'TP10', 'FT8', 'C4', 'CP1']}
2025-04-21 14:43:09,312 - pyprep.reference - INFO - Robust reference done
2025-04-21 14:43:53,205 - pyxdf.pyxdf - INFO - Importing XDF file /data2/Projects/NKI_RS2/MoBI/sub-M10936289/ses-MOBI1/lsl/sub-M10936289_ses-MOBI1_task-digisymbol_run-01_lsl.xdf.gz...
2025-04-21 14:43:54,956 - pyxdf.pyxdf - INFO - Importing XDF file /data2/Projects/NKI_RS2/MoBI/sub-M10968573/ses-MOBI1A/lsl/sub-M10968573_ses-MOBI1A_task-cst_run-01_lsl.xdf.gz...
2025-04-21 14:44:05,723 - pyxdf.pyxdf - INFO -   performing clock synchronization...
2025-04-21 14:44:05,746 - pyxdf.pyxdf - INFO -   performing jitter removal...
2025-04-21 14:44:05,754 - pyxdf.pyxdf - INFO - Importing XDF file /data2/Projects/NKI_RS2/MoBI/sub-M10968573/ses-MOBI1A/lsl/sub-M10968573_ses-MOBI1A_task-cst_run-01_lsl.xdf.gz...
2025-04-21 14:44:14,139 - pyxdf.pyxdf - INFO -   performing clock synchronization...
2025-04-21 14:44:14,163 - pyxdf.pyxdf - INFO -   performing jitter removal...
2025-04-21 14:44:33,513 - pyprep.reference - INFO - Bad channels: {'bad_by_nan': [], 'bad_by_flat': [], 'bad_by_deviation': [], 'bad_by_hf_noise': ['FC6'], 'bad_by_correlation': [], 'bad_by_SNR': [], 'bad_by_dropout': [], 'bad_by_ransac': ['Fp1', 'FC5', 'T7', 'C2'], 'bad_all': ['C2', 'FC6', 'Fp1', 'FC5', 'T7']}
2025-04-21 14:44:44,914 - pyprep.reference - INFO - Bad channels: {'bad_by_nan': [], 'bad_by_flat': [], 'bad_by_deviation': [], 'bad_by_hf_noise': [], 'bad_by_correlation': ['T7'], 'bad_by_SNR': [], 'bad_by_dropout': [], 'bad_by_ransac': ['POz', 'FC5', 'C2', 'Fp1'], 'bad_all': ['C2', 'Fp1', 'FC5', 'POz', 'T7']}
2025-04-21 14:44:45,009 - pyprep.reference - INFO - Iterations: 1
2025-04-21 14:44:56,241 - pyprep.reference - INFO - Bad channels: {'bad_by_nan': [], 'bad_by_flat': [], 'bad_by_deviation': [], 'bad_by_hf_noise': [], 'bad_by_correlation': ['T7'], 'bad_by_SNR': [], 'bad_by_dropout': [], 'bad_by_ransac': ['F9', 'C2', 'Fp1', 'FC5', 'POz'], 'bad_all': ['F9', 'C2', 'Fp1', 'FC5', 'POz', 'T7']}
2025-04-21 14:44:56,485 - pyprep.reference - INFO - Iterations: 2
2025-04-21 14:45:07,625 - pyprep.reference - INFO - Bad channels: {'bad_by_nan': [], 'bad_by_flat': [], 'bad_by_deviation': [], 'bad_by_hf_noise': [], 'bad_by_correlation': ['T7'], 'bad_by_SNR': [], 'bad_by_dropout': [], 'bad_by_ransac': ['F9', 'C2', 'TP7', 'Fp1', 'P10', 'FC5', 'POz', 'FT7'], 'bad_all': ['TP7', 'C2', 'F9', 'Fp1', 'P10', 'FC5', 'POz', 'T7', 'FT7']}
2025-04-21 14:45:07,721 - pyprep.reference - INFO - Iterations: 3
2025-04-21 14:45:18,993 - pyprep.reference - INFO - Bad channels: {'bad_by_nan': [], 'bad_by_flat': [], 'bad_by_deviation': [], 'bad_by_hf_noise': ['FC6'], 'bad_by_correlation': ['T7'], 'bad_by_SNR': [], 'bad_by_dropout': [], 'bad_by_ransac': ['TP7', 'C2', 'F9', 'Fp1', 'P10', 'FC5', 'POz', 'FT7'], 'bad_all': ['F9', 'C2', 'FC6', 'TP7', 'Fp1', 'P10', 'FC5', 'POz', 'T7', 'FT7']}
2025-04-21 14:45:19,092 - pyprep.reference - INFO - Iterations: 4
2025-04-21 14:45:30,333 - pyprep.reference - INFO - Bad channels: {'bad_by_nan': [], 'bad_by_flat': [], 'bad_by_deviation': [], 'bad_by_hf_noise': ['FC6'], 'bad_by_correlation': ['T7'], 'bad_by_SNR': [], 'bad_by_dropout': [], 'bad_by_ransac': ['F9', 'C2', 'TP7', 'Fp1', 'P10', 'FC5', 'POz', 'FT7'], 'bad_all': ['TP7', 'C2', 'FC6', 'F9', 'Fp1', 'P10', 'FC5', 'POz', 'T7', 'FT7']}
2025-04-21 14:45:30,333 - pyprep.reference - INFO - Robust reference done
2025-04-21 14:45:54,824 - pyxdf.pyxdf - INFO - Importing XDF file /data2/Projects/NKI_RS2/MoBI/sub-M10968573/ses-MOBI1A/lsl/sub-M10968573_ses-MOBI1A_task-cst_run-02_lsl.xdf.gz...
2025-04-21 14:46:09,209 - pyxdf.pyxdf - INFO -   performing clock synchronization...
2025-04-21 14:46:09,233 - pyxdf.pyxdf - INFO -   performing jitter removal...
2025-04-21 14:46:09,244 - pyxdf.pyxdf - INFO - Importing XDF file /data2/Projects/NKI_RS2/MoBI/sub-M10968573/ses-MOBI1A/lsl/sub-M10968573_ses-MOBI1A_task-cst_run-02_lsl.xdf.gz...
2025-04-21 14:46:20,218 - pyxdf.pyxdf - INFO -   performing clock synchronization...
2025-04-21 14:46:20,242 - pyxdf.pyxdf - INFO -   performing jitter removal...
2025-04-21 14:46:46,698 - pyprep.reference - INFO - Bad channels: {'bad_by_nan': [], 'bad_by_flat': [], 'bad_by_deviation': [], 'bad_by_hf_noise': [], 'bad_by_correlation': ['F8'], 'bad_by_SNR': [], 'bad_by_dropout': [], 'bad_by_ransac': ['FC1'], 'bad_all': ['F8', 'FC1']}
2025-04-21 14:47:02,629 - pyprep.reference - INFO - Bad channels: {'bad_by_nan': [], 'bad_by_flat': [], 'bad_by_deviation': [], 'bad_by_hf_noise': [], 'bad_by_correlation': ['T7'], 'bad_by_SNR': [], 'bad_by_dropout': [], 'bad_by_ransac': ['F9', 'C2', 'F10', 'POz', 'C4'], 'bad_all': ['F9', 'C2', 'C4', 'F10', 'POz', 'T7']}
2025-04-21 14:47:02,750 - pyprep.reference - INFO - Iterations: 1
2025-04-21 14:47:17,916 - pyprep.reference - INFO - Bad channels: {'bad_by_nan': [], 'bad_by_flat': [], 'bad_by_deviation': [], 'bad_by_hf_noise': [], 'bad_by_correlation': ['T7', 'F8', 'P5'], 'bad_by_SNR': [], 'bad_by_dropout': [], 'bad_by_ransac': ['F9', 'C2', 'Fp1', 'AF8', 'F10', 'POz', 'C4'], 'bad_all': ['P5', 'F9', 'C2', 'Fp1', 'C4', 'AF8', 'F8', 'F10', 'POz', 'T7']}
2025-04-21 14:47:18,227 - pyprep.reference - INFO - Iterations: 2
2025-04-21 14:47:32,979 - pyprep.reference - INFO - Bad channels: {'bad_by_nan': [], 'bad_by_flat': [], 'bad_by_deviation': [], 'bad_by_hf_noise': [], 'bad_by_correlation': ['T7', 'F8', 'P5'], 'bad_by_SNR': [], 'bad_by_dropout': [], 'bad_by_ransac': ['F9', 'C2', 'Fp1', 'AF8', 'F10', 'POz', 'C4'], 'bad_all': ['P5', 'F9', 'C2', 'Fp1', 'C4', 'AF8', 'F8', 'F10', 'POz', 'T7']}
2025-04-21 14:47:32,979 - pyprep.reference - INFO - Robust reference done
2025-04-21 14:48:05,369 - pyxdf.pyxdf - INFO - Importing XDF file /data2/Projects/NKI_RS2/MoBI/sub-M10968573/ses-MOBI2B/lsl/sub-M10968573_ses-MOBI2B_task-tracksanity_run-01_lsl.xdf.gz...
2025-04-21 14:48:05,759 - pyxdf.pyxdf - INFO -   performing clock synchronization...
2025-04-21 14:48:05,780 - pyxdf.pyxdf - INFO -   performing jitter removal...
2025-04-21 14:48:05,781 - pyxdf.pyxdf - INFO - Importing XDF file /data2/Projects/NKI_RS2/MoBI/sub-M10968573/ses-MOBI2B/lsl/sub-M10968573_ses-MOBI2B_task-tracksanity_run-01_lsl.xdf.gz...
2025-04-21 14:48:05,964 - pyxdf.pyxdf - INFO -   performing clock synchronization...
2025-04-21 14:48:05,964 - pyxdf.pyxdf - INFO -   performing jitter removal...
2025-04-21 14:48:07,544 - pyprep.reference - INFO - Bad channels: {'bad_by_nan': [], 'bad_by_flat': [], 'bad_by_deviation': [], 'bad_by_hf_noise': [], 'bad_by_correlation': ['Cz'], 'bad_by_SNR': [], 'bad_by_dropout': [], 'bad_by_ransac': ['O1', 'P10', 'F10', 'P6', 'F6', 'AF4'], 'bad_all': ['O1', 'P6', 'AF4', 'P10', 'Cz', 'F10', 'F6']}
2025-04-21 14:48:07,888 - pyprep.reference - INFO - Bad channels: {'bad_by_nan': [], 'bad_by_flat': [], 'bad_by_deviation': ['F10'], 'bad_by_hf_noise': [], 'bad_by_correlation': [], 'bad_by_SNR': [], 'bad_by_dropout': [], 'bad_by_ransac': ['P3', 'Oz', 'P1', 'P7', 'Fp2', 'P6', 'O2', 'PO4', 'PO8', 'O1', 'C5', 'FC3', 'POz', 'F6', 'Fz', 'F2', 'CP3', 'Fp1', 'Cz', 'CP1'], 'bad_all': ['P3', 'Oz', 'P1', 'P7', 'Fp2', 'P6', 'O2', 'PO4', 'PO8', 'O1', 'C5', 'FC3', 'POz', 'F6', 'Fz', 'F2', 'CP3', 'Fp1', 'Cz', 'F10', 'CP1']}
2025-04-21 14:48:07,920 - pyprep.reference - INFO - Iterations: 1
2025-04-21 14:48:08,286 - pyprep.reference - INFO - Bad channels: {'bad_by_nan': [], 'bad_by_flat': [], 'bad_by_deviation': ['F10'], 'bad_by_hf_noise': [], 'bad_by_correlation': [], 'bad_by_SNR': [], 'bad_by_dropout': [], 'bad_by_ransac': ['P3', 'P8', 'PO3', 'Oz', 'P1', 'P7', 'Fp2', 'P5', 'P6', 'O2', 'PO4', 'TP8', 'PO8', 'O1', 'C5', 'FC3', 'POz', 'F6', 'Fz', 'T8', 'F2', 'F5', 'CP3', 'Fp1', 'AF4', 'Cz', 'CP1'], 'bad_all': ['P3', 'P8', 'PO3', 'Oz', 'P1', 'P7', 'Fp2', 'P5', 'P6', 'O2', 'PO4', 'TP8', 'PO8', 'O1', 'C5', 'FC3', 'POz', 'F6', 'Fz', 'T8', 'F2', 'F5', 'CP3', 'Fp1', 'AF4', 'Cz', 'F10', 'CP1']}
2025-04-21 14:48:08,301 - pyprep.reference - INFO - Iterations: 2
2025-04-21 14:48:08,638 - pyprep.reference - INFO - Bad channels: {'bad_by_nan': [], 'bad_by_flat': [], 'bad_by_deviation': ['F10'], 'bad_by_hf_noise': [], 'bad_by_correlation': ['F6'], 'bad_by_SNR': [], 'bad_by_dropout': [], 'bad_by_ransac': ['P3', 'P8', 'PO3', 'Oz', 'P1', 'P7', 'Fp2', 'P5', 'P6', 'O2', 'PO4', 'TP8', 'PO8', 'O1', 'FC2', 'C5', 'FC3', 'POz', 'F6', 'Fz', 'T8', 'F2', 'F5', 'CP3', 'Fp1', 'AF4', 'Cz', 'CP1'], 'bad_all': ['P3', 'P8', 'PO3', 'Oz', 'P1', 'P7', 'Fp2', 'P5', 'P6', 'O2', 'PO4', 'TP8', 'PO8', 'O1', 'FC2', 'C5', 'FC3', 'POz', 'F6', 'Fz', 'T8', 'F2', 'F5', 'CP3', 'Fp1', 'AF4', 'Cz', 'F10', 'CP1']}
2025-04-21 14:48:08,653 - pyprep.reference - INFO - Iterations: 3
2025-04-21 14:48:09,013 - pyprep.reference - INFO - Bad channels: {'bad_by_nan': [], 'bad_by_flat': [], 'bad_by_deviation': ['F10'], 'bad_by_hf_noise': [], 'bad_by_correlation': ['F6'], 'bad_by_SNR': [], 'bad_by_dropout': [], 'bad_by_ransac': ['P3', 'P8', 'PO3', 'Oz', 'P1', 'P7', 'Fp2', 'P5', 'P6', 'O2', 'PO4', 'P4', 'TP8', 'PO8', 'O1', 'FC2', 'C5', 'FC3', 'POz', 'F6', 'Fz', 'T8', 'F2', 'F5', 'CP3', 'Fp1', 'AF4', 'Cz', 'CP1'], 'bad_all': ['P3', 'P8', 'PO3', 'Oz', 'P1', 'P7', 'Fp2', 'P5', 'P6', 'O2', 'PO4', 'P4', 'TP8', 'PO8', 'O1', 'FC2', 'C5', 'FC3', 'POz', 'F6', 'Fz', 'T8', 'F2', 'F5', 'CP3', 'Fp1', 'AF4', 'Cz', 'F10', 'CP1']}
2025-04-21 14:48:09,027 - pyprep.reference - INFO - Iterations: 4
2025-04-21 14:48:09,382 - pyprep.reference - INFO - Bad channels: {'bad_by_nan': [], 'bad_by_flat': [], 'bad_by_deviation': ['F10'], 'bad_by_hf_noise': [], 'bad_by_correlation': ['F6'], 'bad_by_SNR': [], 'bad_by_dropout': [], 'bad_by_ransac': ['P3', 'P8', 'PO3', 'Oz', 'P1', 'P7', 'Fp2', 'P5', 'P6', 'O2', 'PO4', 'P4', 'TP8', 'PO8', 'O1', 'FC2', 'C5', 'FC3', 'POz', 'F6', 'Fz', 'T8', 'F2', 'F5', 'CP3', 'Fp1', 'AF4', 'Cz', 'CP1'], 'bad_all': ['P3', 'P8', 'PO3', 'Oz', 'P1', 'P7', 'Fp2', 'P5', 'P6', 'O2', 'PO4', 'P4', 'TP8', 'PO8', 'O1', 'FC2', 'C5', 'FC3', 'POz', 'F6', 'Fz', 'T8', 'F2', 'F5', 'CP3', 'Fp1', 'AF4', 'Cz', 'F10', 'CP1']}
2025-04-21 14:48:09,382 - pyprep.reference - INFO - Robust reference done
/home/slouviot/01_projects/rockland_sample_celaning/src/cleaning_pipeline.py:105: RuntimeWarning: filter_length (4096) is longer than the signal (2505), distortion is likely. Reduce filter length or filter a longer signal.
  eog_epochs = mne.preprocessing.create_eog_epochs(raw, ch_name=["Fp1", "Fp2"])
/home/slouviot/01_projects/rockland_sample_celaning/src/cleaning_pipeline.py:105: RuntimeWarning: filter_length (4096) is longer than the signal (2505), distortion is likely. Reduce filter length or filter a longer signal.
  eog_epochs = mne.preprocessing.create_eog_epochs(raw, ch_name=["Fp1", "Fp2"])
2025-04-21 14:48:10,786 - pyxdf.pyxdf - INFO - Importing XDF file /data2/Projects/NKI_RS2/MoBI/sub-M10940218/ses-MOBI1/lsl/sub-M10940218_ses-MOBI1_task-segpresent_run-01_lsl.xdf.gz...
2025-04-21 14:48:23,749 - pyxdf.pyxdf - INFO -   performing clock synchronization...
2025-04-21 14:48:23,773 - pyxdf.pyxdf - INFO -   performing jitter removal...
2025-04-21 14:48:23,804 - pyxdf.pyxdf - INFO - Importing XDF file /data2/Projects/NKI_RS2/MoBI/sub-M10940218/ses-MOBI1/lsl/sub-M10940218_ses-MOBI1_task-segpresent_run-01_lsl.xdf.gz...
2025-04-21 14:48:32,469 - pyxdf.pyxdf - INFO -   performing clock synchronization...
2025-04-21 14:48:32,492 - pyxdf.pyxdf - INFO -   performing jitter removal...
2025-04-21 14:48:46,741 - pyprep.reference - INFO - Bad channels: {'bad_by_nan': [], 'bad_by_flat': [], 'bad_by_deviation': [], 'bad_by_hf_noise': [], 'bad_by_correlation': ['C3', 'C1'], 'bad_by_SNR': [], 'bad_by_dropout': [], 'bad_by_ransac': [], 'bad_all': ['C3', 'C1']}
2025-04-21 14:48:52,792 - pyprep.reference - INFO - Bad channels: {'bad_by_nan': [], 'bad_by_flat': [], 'bad_by_deviation': [], 'bad_by_hf_noise': [], 'bad_by_correlation': ['CP3'], 'bad_by_SNR': [], 'bad_by_dropout': [], 'bad_by_ransac': [], 'bad_all': ['CP3']}
2025-04-21 14:48:52,842 - pyprep.reference - INFO - Iterations: 1
2025-04-21 14:48:58,349 - pyprep.reference - INFO - Bad channels: {'bad_by_nan': [], 'bad_by_flat': [], 'bad_by_deviation': [], 'bad_by_hf_noise': [], 'bad_by_correlation': ['C3', 'CP3'], 'bad_by_SNR': [], 'bad_by_dropout': [], 'bad_by_ransac': [], 'bad_all': ['C3', 'CP3']}
2025-04-21 14:48:58,427 - pyprep.reference - INFO - Iterations: 2
2025-04-21 14:49:04,059 - pyprep.reference - INFO - Bad channels: {'bad_by_nan': [], 'bad_by_flat': [], 'bad_by_deviation': [], 'bad_by_hf_noise': [], 'bad_by_correlation': ['C3', 'CP3'], 'bad_by_SNR': [], 'bad_by_dropout': [], 'bad_by_ransac': [], 'bad_all': ['C3', 'CP3']}
2025-04-21 14:49:04,060 - pyprep.reference - INFO - Robust reference done
2025-04-21 14:49:16,844 - pyxdf.pyxdf - INFO - Importing XDF file /data2/Projects/NKI_RS2/MoBI/sub-M10940218/ses-MOBI1/lsl/sub-M10940218_ses-MOBI1_task-segsherlock_run-01_lsl.xdf.gz...
2025-04-21 14:49:51,859 - pyxdf.pyxdf - INFO -   performing clock synchronization...
2025-04-21 14:49:51,888 - pyxdf.pyxdf - INFO -   performing jitter removal...
2025-04-21 14:49:51,964 - pyxdf.pyxdf - INFO - Importing XDF file /data2/Projects/NKI_RS2/MoBI/sub-M10940218/ses-MOBI1/lsl/sub-M10940218_ses-MOBI1_task-segsherlock_run-01_lsl.xdf.gz...
2025-04-21 14:50:15,550 - pyxdf.pyxdf - INFO -   performing clock synchronization...
2025-04-21 14:50:15,574 - pyxdf.pyxdf - INFO -   performing jitter removal...
2025-04-21 14:50:50,249 - pyprep.reference - INFO - Bad channels: {'bad_by_nan': [], 'bad_by_flat': [], 'bad_by_deviation': [], 'bad_by_hf_noise': [], 'bad_by_correlation': [], 'bad_by_SNR': [], 'bad_by_dropout': [], 'bad_by_ransac': [], 'bad_all': []}
2025-04-21 14:51:06,077 - pyprep.reference - INFO - Bad channels: {'bad_by_nan': [], 'bad_by_flat': [], 'bad_by_deviation': [], 'bad_by_hf_noise': [], 'bad_by_correlation': [], 'bad_by_SNR': [], 'bad_by_dropout': [], 'bad_by_ransac': [], 'bad_all': []}
2025-04-21 14:51:06,140 - pyprep.reference - INFO - Iterations: 1
2025-04-21 14:51:21,040 - pyprep.reference - INFO - Bad channels: {'bad_by_nan': [], 'bad_by_flat': [], 'bad_by_deviation': [], 'bad_by_hf_noise': [], 'bad_by_correlation': [], 'bad_by_SNR': [], 'bad_by_dropout': [], 'bad_by_ransac': [], 'bad_all': []}
2025-04-21 14:51:21,106 - pyprep.reference - INFO - Iterations: 2
2025-04-21 14:51:36,072 - pyprep.reference - INFO - Bad channels: {'bad_by_nan': [], 'bad_by_flat': [], 'bad_by_deviation': [], 'bad_by_hf_noise': [], 'bad_by_correlation': [], 'bad_by_SNR': [], 'bad_by_dropout': [], 'bad_by_ransac': [], 'bad_all': []}
2025-04-21 14:51:36,072 - pyprep.reference - INFO - Robust reference done
2025-04-21 14:52:08,966 - pyxdf.pyxdf - INFO - Importing XDF file /data2/Projects/NKI_RS2/MoBI/sub-M10940218/ses-MOBI1/lsl/sub-M10940218_ses-MOBI1_task-checkerboard_run-01_lsl.xdf.gz...
2025-04-21 14:52:17,320 - pyxdf.pyxdf - INFO -   performing clock synchronization...
2025-04-21 14:52:17,343 - pyxdf.pyxdf - INFO -   performing jitter removal...
2025-04-21 14:52:17,357 - pyxdf.pyxdf - INFO - Importing XDF file /data2/Projects/NKI_RS2/MoBI/sub-M10940218/ses-MOBI1/lsl/sub-M10940218_ses-MOBI1_task-checkerboard_run-01_lsl.xdf.gz...
2025-04-21 14:52:23,093 - pyxdf.pyxdf - INFO -   performing clock synchronization...
2025-04-21 14:52:23,115 - pyxdf.pyxdf - INFO -   performing jitter removal...
2025-04-21 14:52:32,606 - pyprep.reference - INFO - Bad channels: {'bad_by_nan': [], 'bad_by_flat': [], 'bad_by_deviation': [], 'bad_by_hf_noise': [], 'bad_by_correlation': ['FC1', 'F6'], 'bad_by_SNR': [], 'bad_by_dropout': [], 'bad_by_ransac': ['C1'], 'bad_all': ['F6', 'C1', 'FC1']}
2025-04-21 14:52:36,304 - pyprep.reference - INFO - Bad channels: {'bad_by_nan': [], 'bad_by_flat': [], 'bad_by_deviation': [], 'bad_by_hf_noise': [], 'bad_by_correlation': ['TP10', 'C1', 'CP1', 'FT7'], 'bad_by_SNR': [], 'bad_by_dropout': [], 'bad_by_ransac': [], 'bad_all': ['TP10', 'C1', 'CP1', 'FT7']}
2025-04-21 14:52:36,347 - pyprep.reference - INFO - Iterations: 1
2025-04-21 14:52:39,900 - pyprep.reference - INFO - Bad channels: {'bad_by_nan': [], 'bad_by_flat': [], 'bad_by_deviation': [], 'bad_by_hf_noise': [], 'bad_by_correlation': ['TP10', 'AF8', 'C1', 'CP1', 'FT7'], 'bad_by_SNR': [], 'bad_by_dropout': [], 'bad_by_ransac': [], 'bad_all': ['TP10', 'AF8', 'C1', 'CP1', 'FT7']}
2025-04-21 14:52:39,943 - pyprep.reference - INFO - Iterations: 2
2025-04-21 14:52:43,503 - pyprep.reference - INFO - Bad channels: {'bad_by_nan': [], 'bad_by_flat': [], 'bad_by_deviation': [], 'bad_by_hf_noise': ['FT7'], 'bad_by_correlation': ['TP10', 'AF8', 'C1', 'CP1', 'FT7'], 'bad_by_SNR': ['FT7'], 'bad_by_dropout': [], 'bad_by_ransac': [], 'bad_all': ['TP10', 'AF8', 'C1', 'CP1', 'FT7']}
2025-04-21 14:52:43,503 - pyprep.reference - INFO - Robust reference done
2025-04-21 14:52:51,619 - pyxdf.pyxdf - INFO - Importing XDF file /data2/Projects/NKI_RS2/MoBI/sub-M10940218/ses-MOBI1/lsl/sub-M10940218_ses-MOBI1_task-cst_run-01_lsl.xdf.gz...
2025-04-21 14:53:49,861 - pyxdf.pyxdf - INFO -   performing clock synchronization...
2025-04-21 14:53:49,893 - pyxdf.pyxdf - INFO -   performing jitter removal...
2025-04-21 14:53:50,100 - pyxdf.pyxdf - INFO - Importing XDF file /data2/Projects/NKI_RS2/MoBI/sub-M10940218/ses-MOBI1/lsl/sub-M10940218_ses-MOBI1_task-cst_run-01_lsl.xdf.gz...
2025-04-21 14:54:29,987 - pyxdf.pyxdf - INFO -   performing clock synchronization...
2025-04-21 14:54:30,012 - pyxdf.pyxdf - INFO -   performing jitter removal...
2025-04-21 14:55:43,678 - pyprep.reference - INFO - Bad channels: {'bad_by_nan': [], 'bad_by_flat': [], 'bad_by_deviation': [], 'bad_by_hf_noise': ['T7'], 'bad_by_correlation': [], 'bad_by_SNR': [], 'bad_by_dropout': [], 'bad_by_ransac': [], 'bad_all': ['T7']}
2025-04-21 14:56:27,501 - pyprep.reference - INFO - Bad channels: {'bad_by_nan': [], 'bad_by_flat': [], 'bad_by_deviation': [], 'bad_by_hf_noise': ['T7'], 'bad_by_correlation': ['TP10'], 'bad_by_SNR': [], 'bad_by_dropout': [], 'bad_by_ransac': [], 'bad_all': ['TP10', 'T7']}
2025-04-21 14:56:27,681 - pyprep.reference - INFO - Iterations: 1
2025-04-21 14:56:56,038 - pyprep.reference - INFO - Bad channels: {'bad_by_nan': [], 'bad_by_flat': [], 'bad_by_deviation': [], 'bad_by_hf_noise': ['T7'], 'bad_by_correlation': ['TP10'], 'bad_by_SNR': [], 'bad_by_dropout': [], 'bad_by_ransac': [], 'bad_all': ['TP10', 'T7']}
2025-04-21 14:56:56,211 - pyprep.reference - INFO - Iterations: 2
2025-04-21 14:57:22,845 - pyprep.reference - INFO - Bad channels: {'bad_by_nan': [], 'bad_by_flat': [], 'bad_by_deviation': [], 'bad_by_hf_noise': ['T7'], 'bad_by_correlation': ['TP10'], 'bad_by_SNR': [], 'bad_by_dropout': [], 'bad_by_ransac': [], 'bad_all': ['TP10', 'T7']}
2025-04-21 14:57:22,845 - pyprep.reference - INFO - Robust reference done
2025-04-21 14:58:19,043 - pyxdf.pyxdf - INFO - Importing XDF file /data2/Projects/NKI_RS2/MoBI/sub-M10940218/ses-MOBI1/lsl/sub-M10940218_ses-MOBI1_task-passivepresent_run-01_lsl.xdf.gz...
2025-04-21 14:58:31,154 - pyxdf.pyxdf - INFO -   performing clock synchronization...
2025-04-21 14:58:31,179 - pyxdf.pyxdf - INFO -   performing jitter removal...
2025-04-21 14:58:31,206 - pyxdf.pyxdf - INFO - Importing XDF file /data2/Projects/NKI_RS2/MoBI/sub-M10940218/ses-MOBI1/lsl/sub-M10940218_ses-MOBI1_task-passivepresent_run-01_lsl.xdf.gz...
